   0  $accept : program $end

   1  $$1 :

   2  program : ID $$1 bloq_general

   3  sentencia : sentencia_d
   4            | sentencia_e_gen
   5            | when

   6  sentencia_d : d_var
   7              | d_fun
   8              | const

   9  sentencia_e : asignacion
  10              | out
  11              | invocacion_fun
  12              | DEFER asignacion
  13              | DEFER out
  14              | DEFER invocacion_fun

  15  sentencia_e_gen : sentencia_e
  16                  | if
  17                  | for
  18                  | DEFER if
  19                  | DEFER for
  20                  | return

  21  sentencia_e_for : sentencia_e
  22                  | if_for
  23                  | for
  24                  | BREAK DOS_PUNTOS ID
  25                  | BREAK ID
  26                  | BREAK
  27                  | CONTINUE

  28  sentencia_fun : sentencia_d
  29                | sentencia_e_fun
  30                | when_fun

  31  sentencia_e_fun : sentencia_e
  32                  | if_fun
  33                  | for_fun
  34                  | return
  35                  | DEFER if_fun
  36                  | DEFER for_fun

  37  sentencia_e_for_fun : for_fun
  38                      | if_for_fun
  39                      | return
  40                      | BREAK DOS_PUNTOS ID
  41                      | BREAK
  42                      | CONTINUE

  43  bloq_sentencias : sentencia PUNTO_COMA
  44                  | sentencia error
  45                  | bloq_sentencias sentencia PUNTO_COMA
  46                  | bloq_sentencias sentencia error

  47  bloq_sentencias_e : sentencia_e_gen PUNTO_COMA
  48                    | sentencia_e_gen error
  49                    | bloq_sentencias_e sentencia_e_gen PUNTO_COMA
  50                    | bloq_sentencias_e sentencia_e_gen error
  51                    | error

  52  bloq_sentencias_e_for : sentencia_e_for PUNTO_COMA
  53                        | sentencia_e_for error
  54                        | bloq_sentencias_e_for sentencia_e_for PUNTO_COMA
  55                        | bloq_sentencias_e_for sentencia_e_for error
  56                        | error

  57  bloq_sentencias_fun : sentencia_fun PUNTO_COMA
  58                      | sentencia_fun error
  59                      | bloq_sentencias_fun sentencia_fun PUNTO_COMA
  60                      | bloq_sentencias_fun sentencia_fun error
  61                      | error

  62  bloq_sentencias_e_fun : sentencia_e_fun PUNTO_COMA
  63                        | sentencia_e_fun error
  64                        | bloq_sentencias_e_fun sentencia_e_fun PUNTO_COMA
  65                        | sentencia_e_fun sentencia_e_fun
  66                        | error

  67  bloq_sentencias_e_for_fun : sentencia_e_for_fun PUNTO_COMA
  68                            | sentencia_e_for_fun error
  69                            | bloq_sentencias_e_for_fun sentencia_e_for_fun PUNTO_COMA
  70                            | bloq_sentencias_e_for_fun sentencia_e_for_fun error
  71                            | error error

  72  bloq_general : LLAVE_AB bloq_sentencias LLAVE_CE
  73               | error bloq_sentencias LLAVE_CE
  74               | LLAVE_AB bloq_sentencias error
  75               | bloq_sentencias
  76               | LLAVE_AB LLAVE_CE

  77  bloq_ejecutable : LLAVE_AB bloq_sentencias_e LLAVE_CE
  78                  | error bloq_sentencias_e LLAVE_CE
  79                  | LLAVE_AB bloq_sentencias_e error
  80                  | LLAVE_AB LLAVE_CE

  81  bloq_ejecutable_for : LLAVE_AB bloq_sentencias_e_for LLAVE_CE
  82                      | error bloq_sentencias_e_for LLAVE_CE
  83                      | LLAVE_AB bloq_sentencias_e_for error
  84                      | error bloq_sentencias_e_for error
  85                      | LLAVE_AB LLAVE_CE

  86  bloq_general_fun : LLAVE_AB bloq_sentencias_fun LLAVE_CE
  87                   | error bloq_sentencias_fun LLAVE_CE
  88                   | LLAVE_AB bloq_sentencias_fun error
  89                   | error bloq_sentencias_fun error
  90                   | LLAVE_AB LLAVE_CE

  91  bloq_ejecutable_fun : LLAVE_AB bloq_sentencias_e_fun LLAVE_CE
  92                      | error bloq_sentencias_e_fun LLAVE_CE
  93                      | LLAVE_AB bloq_sentencias_e_fun error
  94                      | error bloq_sentencias_e_fun error
  95                      | LLAVE_AB LLAVE_CE

  96  bloq_ejecutable_for_fun : LLAVE_AB bloq_sentencias_e_for_fun LLAVE_CE
  97                          | error bloq_sentencias_e_for_fun LLAVE_CE
  98                          | LLAVE_AB bloq_sentencias_e_for_fun error
  99                          | error bloq_sentencias_e_for_fun error
 100                          | LLAVE_AB LLAVE_CE

 101  l_variables : ID
 102              | error
 103              | l_variables COMA ID

 104  d_var : tipo l_variables
 105        | ID l_variables

 106  parametro_form : tipo ID

 107  l_parametros_form : parametro_form
 108                    | parametro_form COMA parametro_form

 109  parametros_fun : PARE_AB l_parametros_form PARE_CIE
 110                 | PARE_AB PARE_CIE
 111                 | PARE_AB error PARE_CIE

 112  cabeceraFun : FUN ID

 113  retornoFun : DOS_PUNTOS tipo
 114             | DOS_PUNTOS error
 115             | error

 116  $$2 :

 117  d_fun : cabeceraFun parametros_fun retornoFun $$2 bloq_general_fun

 118  asignacion_const : ID ASIGNACION constante_num
 119                   | ID IGUAL constante_num
 120                   | ID ASIGNACION error

 121  l_const : asignacion_const
 122          | l_const COMA asignacion_const

 123  const : CONST l_const

 124  constante_num : DOBLE
 125                | ENTERO

 126  parametro_real : ID
 127                 | constante_num

 128  l_parametros_reales : PARE_AB parametro_real COMA parametro_real PARE_CIE
 129                      | PARE_AB parametro_real PARE_CIE
 130                      | PARE_AB PARE_CIE
 131                      | PARE_AB error PARE_CIE

 132  invocacion_fun : ID l_parametros_reales

 133  asignacion : ID ASIGNACION op_aritemtica_cast
 134             | ID IGUAL op_aritemtica_cast
 135             | ID ASIGNACION error

 136  return : RETURN op_aritemtica_cast
 137         | RETURN error

 138  cond_if : op_aritemtica_cast comp op_aritemtica_cast
 139          | error comp op_aritemtica_cast
 140          | op_aritemtica_cast error op_aritemtica_cast
 141          | op_aritemtica_cast comp error

 142  cond : PARE_AB cond_if PARE_CIE
 143       | error cond_if PARE_CIE
 144       | PARE_AB cond_if error
 145       | PARE_AB error PARE_CIE

 146  bloque_then_for_fun : bloq_ejecutable_for_fun
 147                      | sentencia_e_for_fun PUNTO_COMA

 148  bloque_else_for_fun : bloq_ejecutable_for_fun
 149                      | sentencia_e_for_fun PUNTO_COMA

 150  if_for_fun : IF cond THEN bloque_then_for_fun ELSE bloque_else_for_fun END_IF
 151             | IF cond THEN bloque_then_for_fun END_IF
 152             | IF cond THEN bloque_then_for_fun error bloque_else_for_fun END_IF
 153             | IF cond error bloque_then_for_fun ELSE bloque_else_for_fun END_IF
 154             | IF cond THEN bloque_then_for_fun ELSE bloque_else_for_fun error

 155  bloque_then_for : bloq_ejecutable_for
 156                  | sentencia_e_for PUNTO_COMA

 157  bloque_else_for : bloq_ejecutable_for
 158                  | sentencia_e_for PUNTO_COMA

 159  if_for : IF cond THEN bloque_then_for ELSE bloque_else_for END_IF
 160         | IF cond THEN bloque_then_for END_IF
 161         | IF cond THEN bloque_then_for error bloque_else_for END_IF
 162         | IF cond error bloque_then_for ELSE bloque_else_for END_IF
 163         | IF cond THEN bloque_then_for ELSE bloque_else_for error

 164  bloque_then_fun : bloq_ejecutable_fun
 165                  | sentencia_e_fun PUNTO_COMA

 166  bloque_else_fun : bloq_ejecutable_fun
 167                  | sentencia_e_fun PUNTO_COMA

 168  if_fun : IF cond THEN bloque_then_fun ELSE bloque_else_fun END_IF
 169         | IF cond THEN bloque_then_fun END_IF
 170         | IF cond THEN bloque_then_fun error bloque_else_fun END_IF
 171         | IF cond error bloque_then_fun ELSE bloque_else_fun END_IF
 172         | IF cond THEN bloque_then_fun ELSE bloque_else_fun error

 173  bloque_then : bloq_ejecutable
 174              | sentencia_e_gen PUNTO_COMA

 175  bloque_else : bloq_ejecutable
 176              | sentencia_e_gen PUNTO_COMA

 177  if : IF cond THEN bloque_then ELSE bloque_else END_IF
 178     | IF cond THEN bloque_then END_IF
 179     | IF cond THEN bloque_then error bloque_else END_IF
 180     | IF cond error bloque_then ELSE bloque_else END_IF
 181     | IF cond THEN bloque_then ELSE bloque_else error
 182     | IF cond error bloque_then END_IF

 183  cont_cadena : CADENA
 184              | ID

 185  out : OUT PARE_AB cont_cadena PARE_CIE
 186      | OUT PARE_AB error

 187  factor : ID
 188         | invocacion_fun
 189         | constante_num

 190  termino : factor
 191          | termino MULT factor
 192          | termino DIV factor

 193  e_aritmetica : termino
 194               | e_aritmetica SUM termino
 195               | e_aritmetica MENOS termino
 196               | MENOS termino

 197  op_aritemtica_cast : TOF64 PARE_AB e_aritmetica PARE_CIE
 198                     | e_aritmetica
 199                     | TOF64 error e_aritmetica PARE_CIE
 200                     | TOF64 PARE_AB e_aritmetica error

 201  tipo : UI8
 202       | F64

 203  comp : MAYOR
 204       | MENOR
 205       | IGUAL
 206       | MAYOR_IGUAL
 207       | MENOR_IGUAL
 208       | DISTINTO

 209  cond_for : ID comp op_aritemtica_cast
 210           | error comp op_aritemtica_cast
 211           | ID error op_aritemtica_cast
 212           | ID comp error

 213  signo : SUM
 214        | MENOS

 215  crecim_for : signo constante_num
 216             | constante_num
 217             | error constante_num
 218             | signo error

 219  asignacion_for : ID ASIGNACION op_aritemtica_cast
 220                 | ID IGUAL op_aritemtica_cast
 221                 | ID ASIGNACION error

 222  clausula_for : PARE_AB asignacion_for PUNTO_COMA cond_for PUNTO_COMA crecim_for PARE_CIE
 223               | PARE_AB asignacion_for error cond_for PUNTO_COMA crecim_for PARE_CIE
 224               | PARE_AB asignacion_for PUNTO_COMA cond_for error crecim_for PARE_CIE

 225  cuerpoFor : bloq_ejecutable_for
 226            | sentencia_e_for

 227  tag : ID DOS_PUNTOS

 228  for : FOR clausula_for cuerpoFor

 229  $$3 :

 230  for : tag $$3 FOR clausula_for cuerpoFor

 231  cuerpoForFun : bloq_ejecutable_for_fun
 232               | sentencia_e_for_fun

 233  for_fun : FOR clausula_for cuerpoForFun

 234  $$4 :

 235  for_fun : tag $$4 FOR clausula_for cuerpoForFun

 236  const_when : ID
 237             | constante_num
 238             | error

 239  cond_when : PARE_AB const_when comp const_when PARE_CIE
 240            | error const_when comp const_when PARE_CIE
 241            | PARE_AB const_when error const_when PARE_CIE
 242            | PARE_AB const_when comp const_when error
 243            | PARE_AB error PARE_CIE

 244  when : WHEN cond_when THEN bloq_general
 245       | WHEN cond_when error bloq_general

 246  when_fun : WHEN cond_when THEN bloq_general_fun
 247           | WHEN cond_when error bloq_general_fun

state 0
	$accept : . program $end  (0)

	ID  shift 1
	.  error

	program  goto 2


state 1
	program : ID . $$1 bloq_general  (2)
	$$1 : .  (1)

	.  reduce 1

	$$1  goto 3


state 2
	$accept : program . $end  (0)

	$end  accept


state 3
	program : ID $$1 . bloq_general  (2)

	error  shift 4
	IF  shift 5
	OUT  shift 6
	FUN  shift 7
	RETURN  shift 8
	WHEN  shift 9
	DEFER  shift 10
	UI8  shift 11
	F64  shift 12
	ID  shift 13
	CONST  shift 14
	FOR  shift 15
	LLAVE_AB  shift 16
	.  error

	bloq_general  goto 17
	sentencia  goto 18
	sentencia_d  goto 19
	sentencia_e_gen  goto 20
	when  goto 21
	d_var  goto 22
	d_fun  goto 23
	const  goto 24
	sentencia_e  goto 25
	asignacion  goto 26
	out  goto 27
	invocacion_fun  goto 28
	if  goto 29
	for  goto 30
	return  goto 31
	bloq_sentencias  goto 32
	tipo  goto 33
	cabeceraFun  goto 34
	tag  goto 35


state 4
	bloq_general : error . bloq_sentencias LLAVE_CE  (73)

	IF  shift 5
	OUT  shift 6
	FUN  shift 7
	RETURN  shift 8
	WHEN  shift 9
	DEFER  shift 10
	UI8  shift 11
	F64  shift 12
	ID  shift 13
	CONST  shift 14
	FOR  shift 15
	.  error

	sentencia  goto 18
	sentencia_d  goto 19
	sentencia_e_gen  goto 20
	when  goto 21
	d_var  goto 22
	d_fun  goto 23
	const  goto 24
	sentencia_e  goto 25
	asignacion  goto 26
	out  goto 27
	invocacion_fun  goto 28
	if  goto 29
	for  goto 30
	return  goto 31
	bloq_sentencias  goto 36
	tipo  goto 33
	cabeceraFun  goto 34
	tag  goto 35


state 5
	if : IF . cond THEN bloque_then ELSE bloque_else END_IF  (177)
	if : IF . cond THEN bloque_then END_IF  (178)
	if : IF . cond THEN bloque_then error bloque_else END_IF  (179)
	if : IF . cond error bloque_then ELSE bloque_else END_IF  (180)
	if : IF . cond THEN bloque_then ELSE bloque_else error  (181)
	if : IF . cond error bloque_then END_IF  (182)

	error  shift 37
	PARE_AB  shift 38
	.  error

	cond  goto 39


state 6
	out : OUT . PARE_AB cont_cadena PARE_CIE  (185)
	out : OUT . PARE_AB error  (186)

	PARE_AB  shift 40
	.  error


state 7
	cabeceraFun : FUN . ID  (112)

	ID  shift 41
	.  error


state 8
	return : RETURN . op_aritemtica_cast  (136)
	return : RETURN . error  (137)

	error  shift 42
	ID  shift 43
	TOF64  shift 44
	MENOS  shift 45
	DOBLE  shift 46
	ENTERO  shift 47
	.  error

	invocacion_fun  goto 48
	constante_num  goto 49
	op_aritemtica_cast  goto 50
	factor  goto 51
	termino  goto 52
	e_aritmetica  goto 53


state 9
	when : WHEN . cond_when THEN bloq_general  (244)
	when : WHEN . cond_when error bloq_general  (245)

	error  shift 54
	PARE_AB  shift 55
	.  error

	cond_when  goto 56


state 10
	sentencia_e : DEFER . asignacion  (12)
	sentencia_e : DEFER . out  (13)
	sentencia_e : DEFER . invocacion_fun  (14)
	sentencia_e_gen : DEFER . if  (18)
	sentencia_e_gen : DEFER . for  (19)

	IF  shift 5
	OUT  shift 6
	ID  shift 57
	FOR  shift 15
	.  error

	asignacion  goto 58
	out  goto 59
	invocacion_fun  goto 60
	if  goto 61
	for  goto 62
	tag  goto 35


state 11
	tipo : UI8 .  (201)

	.  reduce 201


state 12
	tipo : F64 .  (202)

	.  reduce 202


state 13
	d_var : ID . l_variables  (105)
	invocacion_fun : ID . l_parametros_reales  (132)
	asignacion : ID . ASIGNACION op_aritemtica_cast  (133)
	asignacion : ID . IGUAL op_aritemtica_cast  (134)
	asignacion : ID . ASIGNACION error  (135)
	tag : ID . DOS_PUNTOS  (227)

	error  shift 63
	ID  shift 64
	IGUAL  shift 65
	PARE_AB  shift 66
	DOS_PUNTOS  shift 67
	ASIGNACION  shift 68
	.  error

	l_variables  goto 69
	l_parametros_reales  goto 70


state 14
	const : CONST . l_const  (123)

	ID  shift 71
	.  error

	asignacion_const  goto 72
	l_const  goto 73


state 15
	for : FOR . clausula_for cuerpoFor  (228)

	PARE_AB  shift 74
	.  error

	clausula_for  goto 75


state 16
	bloq_general : LLAVE_AB . bloq_sentencias LLAVE_CE  (72)
	bloq_general : LLAVE_AB . bloq_sentencias error  (74)
	bloq_general : LLAVE_AB . LLAVE_CE  (76)

	IF  shift 5
	OUT  shift 6
	FUN  shift 7
	RETURN  shift 8
	WHEN  shift 9
	DEFER  shift 10
	UI8  shift 11
	F64  shift 12
	ID  shift 13
	CONST  shift 14
	FOR  shift 15
	LLAVE_CE  shift 76
	.  error

	sentencia  goto 18
	sentencia_d  goto 19
	sentencia_e_gen  goto 20
	when  goto 21
	d_var  goto 22
	d_fun  goto 23
	const  goto 24
	sentencia_e  goto 25
	asignacion  goto 26
	out  goto 27
	invocacion_fun  goto 28
	if  goto 29
	for  goto 30
	return  goto 31
	bloq_sentencias  goto 77
	tipo  goto 33
	cabeceraFun  goto 34
	tag  goto 35


state 17
	program : ID $$1 bloq_general .  (2)

	.  reduce 2


state 18
	bloq_sentencias : sentencia . PUNTO_COMA  (43)
	bloq_sentencias : sentencia . error  (44)

	error  shift 78
	PUNTO_COMA  shift 79
	.  error


state 19
	sentencia : sentencia_d .  (3)

	.  reduce 3


state 20
	sentencia : sentencia_e_gen .  (4)

	.  reduce 4


state 21
	sentencia : when .  (5)

	.  reduce 5


state 22
	sentencia_d : d_var .  (6)

	.  reduce 6


state 23
	sentencia_d : d_fun .  (7)

	.  reduce 7


state 24
	sentencia_d : const .  (8)

	.  reduce 8


state 25
	sentencia_e_gen : sentencia_e .  (15)

	.  reduce 15


state 26
	sentencia_e : asignacion .  (9)

	.  reduce 9


state 27
	sentencia_e : out .  (10)

	.  reduce 10


state 28
	sentencia_e : invocacion_fun .  (11)

	.  reduce 11


state 29
	sentencia_e_gen : if .  (16)

	.  reduce 16


state 30
	sentencia_e_gen : for .  (17)

	.  reduce 17


state 31
	sentencia_e_gen : return .  (20)

	.  reduce 20


state 32
	bloq_sentencias : bloq_sentencias . sentencia PUNTO_COMA  (45)
	bloq_sentencias : bloq_sentencias . sentencia error  (46)
	bloq_general : bloq_sentencias .  (75)

	IF  shift 5
	OUT  shift 6
	FUN  shift 7
	RETURN  shift 8
	WHEN  shift 9
	DEFER  shift 10
	UI8  shift 11
	F64  shift 12
	ID  shift 13
	CONST  shift 14
	FOR  shift 15
	$end  reduce 75
	error  reduce 75
	PUNTO_COMA  reduce 75

	sentencia  goto 80
	sentencia_d  goto 19
	sentencia_e_gen  goto 20
	when  goto 21
	d_var  goto 22
	d_fun  goto 23
	const  goto 24
	sentencia_e  goto 25
	asignacion  goto 26
	out  goto 27
	invocacion_fun  goto 28
	if  goto 29
	for  goto 30
	return  goto 31
	tipo  goto 33
	cabeceraFun  goto 34
	tag  goto 35


state 33
	d_var : tipo . l_variables  (104)

	error  shift 63
	ID  shift 64
	.  error

	l_variables  goto 81


state 34
	d_fun : cabeceraFun . parametros_fun retornoFun $$2 bloq_general_fun  (117)

	PARE_AB  shift 82
	.  error

	parametros_fun  goto 83


state 35
	for : tag . $$3 FOR clausula_for cuerpoFor  (230)
	$$3 : .  (229)

	.  reduce 229

	$$3  goto 84


state 36
	bloq_sentencias : bloq_sentencias . sentencia PUNTO_COMA  (45)
	bloq_sentencias : bloq_sentencias . sentencia error  (46)
	bloq_general : error bloq_sentencias . LLAVE_CE  (73)

	IF  shift 5
	OUT  shift 6
	FUN  shift 7
	RETURN  shift 8
	WHEN  shift 9
	DEFER  shift 10
	UI8  shift 11
	F64  shift 12
	ID  shift 13
	CONST  shift 14
	FOR  shift 15
	LLAVE_CE  shift 85
	.  error

	sentencia  goto 80
	sentencia_d  goto 19
	sentencia_e_gen  goto 20
	when  goto 21
	d_var  goto 22
	d_fun  goto 23
	const  goto 24
	sentencia_e  goto 25
	asignacion  goto 26
	out  goto 27
	invocacion_fun  goto 28
	if  goto 29
	for  goto 30
	return  goto 31
	tipo  goto 33
	cabeceraFun  goto 34
	tag  goto 35


state 37
	cond : error . cond_if PARE_CIE  (143)

	error  shift 86
	ID  shift 43
	TOF64  shift 44
	MENOS  shift 45
	DOBLE  shift 46
	ENTERO  shift 47
	.  error

	invocacion_fun  goto 48
	constante_num  goto 49
	op_aritemtica_cast  goto 87
	cond_if  goto 88
	factor  goto 51
	termino  goto 52
	e_aritmetica  goto 53


state 38
	cond : PARE_AB . cond_if PARE_CIE  (142)
	cond : PARE_AB . cond_if error  (144)
	cond : PARE_AB . error PARE_CIE  (145)

	error  shift 89
	ID  shift 43
	TOF64  shift 44
	MENOS  shift 45
	DOBLE  shift 46
	ENTERO  shift 47
	.  error

	invocacion_fun  goto 48
	constante_num  goto 49
	op_aritemtica_cast  goto 87
	cond_if  goto 90
	factor  goto 51
	termino  goto 52
	e_aritmetica  goto 53


state 39
	if : IF cond . THEN bloque_then ELSE bloque_else END_IF  (177)
	if : IF cond . THEN bloque_then END_IF  (178)
	if : IF cond . THEN bloque_then error bloque_else END_IF  (179)
	if : IF cond . error bloque_then ELSE bloque_else END_IF  (180)
	if : IF cond . THEN bloque_then ELSE bloque_else error  (181)
	if : IF cond . error bloque_then END_IF  (182)

	error  shift 91
	THEN  shift 92
	.  error


state 40
	out : OUT PARE_AB . cont_cadena PARE_CIE  (185)
	out : OUT PARE_AB . error  (186)

	error  shift 93
	ID  shift 94
	CADENA  shift 95
	.  error

	cont_cadena  goto 96


state 41
	cabeceraFun : FUN ID .  (112)

	.  reduce 112


state 42
	return : RETURN error .  (137)

	.  reduce 137


state 43
	invocacion_fun : ID . l_parametros_reales  (132)
	factor : ID .  (187)

	PARE_AB  shift 66
	error  reduce 187
	IF  reduce 187
	OUT  reduce 187
	RETURN  reduce 187
	DEFER  reduce 187
	ID  reduce 187
	FOR  reduce 187
	LLAVE_CE  reduce 187
	MENOR  reduce 187
	MAYOR  reduce 187
	IGUAL  reduce 187
	MENOR_IGUAL  reduce 187
	MAYOR_IGUAL  reduce 187
	MENOS  reduce 187
	SUM  reduce 187
	MULT  reduce 187
	DIV  reduce 187
	PARE_CIE  reduce 187
	PUNTO_COMA  reduce 187
	DISTINTO  reduce 187

	l_parametros_reales  goto 70


state 44
	op_aritemtica_cast : TOF64 . PARE_AB e_aritmetica PARE_CIE  (197)
	op_aritemtica_cast : TOF64 . error e_aritmetica PARE_CIE  (199)
	op_aritemtica_cast : TOF64 . PARE_AB e_aritmetica error  (200)

	error  shift 97
	PARE_AB  shift 98
	.  error


state 45
	e_aritmetica : MENOS . termino  (196)

	ID  shift 43
	DOBLE  shift 46
	ENTERO  shift 47
	.  error

	invocacion_fun  goto 48
	constante_num  goto 49
	factor  goto 51
	termino  goto 99


state 46
	constante_num : DOBLE .  (124)

	.  reduce 124


state 47
	constante_num : ENTERO .  (125)

	.  reduce 125


state 48
	factor : invocacion_fun .  (188)

	.  reduce 188


state 49
	factor : constante_num .  (189)

	.  reduce 189


state 50
	return : RETURN op_aritemtica_cast .  (136)

	.  reduce 136


state 51
	termino : factor .  (190)

	.  reduce 190


state 52
	termino : termino . MULT factor  (191)
	termino : termino . DIV factor  (192)
	e_aritmetica : termino .  (193)

	MULT  shift 100
	DIV  shift 101
	error  reduce 193
	IF  reduce 193
	OUT  reduce 193
	RETURN  reduce 193
	DEFER  reduce 193
	ID  reduce 193
	FOR  reduce 193
	LLAVE_CE  reduce 193
	MENOR  reduce 193
	MAYOR  reduce 193
	IGUAL  reduce 193
	MENOR_IGUAL  reduce 193
	MAYOR_IGUAL  reduce 193
	MENOS  reduce 193
	SUM  reduce 193
	PARE_CIE  reduce 193
	PUNTO_COMA  reduce 193
	DISTINTO  reduce 193


state 53
	e_aritmetica : e_aritmetica . SUM termino  (194)
	e_aritmetica : e_aritmetica . MENOS termino  (195)
	op_aritemtica_cast : e_aritmetica .  (198)

	MENOS  shift 102
	SUM  shift 103
	error  reduce 198
	IF  reduce 198
	OUT  reduce 198
	RETURN  reduce 198
	DEFER  reduce 198
	ID  reduce 198
	FOR  reduce 198
	LLAVE_CE  reduce 198
	MENOR  reduce 198
	MAYOR  reduce 198
	IGUAL  reduce 198
	MENOR_IGUAL  reduce 198
	MAYOR_IGUAL  reduce 198
	PARE_CIE  reduce 198
	PUNTO_COMA  reduce 198
	DISTINTO  reduce 198


state 54
	cond_when : error . const_when comp const_when PARE_CIE  (240)

	error  shift 104
	ID  shift 105
	DOBLE  shift 46
	ENTERO  shift 47
	.  error

	constante_num  goto 106
	const_when  goto 107


state 55
	cond_when : PARE_AB . const_when comp const_when PARE_CIE  (239)
	cond_when : PARE_AB . const_when error const_when PARE_CIE  (241)
	cond_when : PARE_AB . const_when comp const_when error  (242)
	cond_when : PARE_AB . error PARE_CIE  (243)

	error  shift 108
	ID  shift 105
	DOBLE  shift 46
	ENTERO  shift 47
	.  error

	constante_num  goto 106
	const_when  goto 109


state 56
	when : WHEN cond_when . THEN bloq_general  (244)
	when : WHEN cond_when . error bloq_general  (245)

	error  shift 110
	THEN  shift 111
	.  error


state 57
	invocacion_fun : ID . l_parametros_reales  (132)
	asignacion : ID . ASIGNACION op_aritemtica_cast  (133)
	asignacion : ID . IGUAL op_aritemtica_cast  (134)
	asignacion : ID . ASIGNACION error  (135)
	tag : ID . DOS_PUNTOS  (227)

	IGUAL  shift 65
	PARE_AB  shift 66
	DOS_PUNTOS  shift 67
	ASIGNACION  shift 68
	.  error

	l_parametros_reales  goto 70


state 58
	sentencia_e : DEFER asignacion .  (12)

	.  reduce 12


state 59
	sentencia_e : DEFER out .  (13)

	.  reduce 13


state 60
	sentencia_e : DEFER invocacion_fun .  (14)

	.  reduce 14


state 61
	sentencia_e_gen : DEFER if .  (18)

	.  reduce 18


state 62
	sentencia_e_gen : DEFER for .  (19)

	.  reduce 19


state 63
	l_variables : error .  (102)

	.  reduce 102


state 64
	l_variables : ID .  (101)

	.  reduce 101


state 65
	asignacion : ID IGUAL . op_aritemtica_cast  (134)

	ID  shift 43
	TOF64  shift 44
	MENOS  shift 45
	DOBLE  shift 46
	ENTERO  shift 47
	.  error

	invocacion_fun  goto 48
	constante_num  goto 49
	op_aritemtica_cast  goto 112
	factor  goto 51
	termino  goto 52
	e_aritmetica  goto 53


state 66
	l_parametros_reales : PARE_AB . parametro_real COMA parametro_real PARE_CIE  (128)
	l_parametros_reales : PARE_AB . parametro_real PARE_CIE  (129)
	l_parametros_reales : PARE_AB . PARE_CIE  (130)
	l_parametros_reales : PARE_AB . error PARE_CIE  (131)

	error  shift 113
	ID  shift 114
	PARE_CIE  shift 115
	DOBLE  shift 46
	ENTERO  shift 47
	.  error

	constante_num  goto 116
	parametro_real  goto 117


state 67
	tag : ID DOS_PUNTOS .  (227)

	.  reduce 227


state 68
	asignacion : ID ASIGNACION . op_aritemtica_cast  (133)
	asignacion : ID ASIGNACION . error  (135)

	error  shift 118
	ID  shift 43
	TOF64  shift 44
	MENOS  shift 45
	DOBLE  shift 46
	ENTERO  shift 47
	.  error

	invocacion_fun  goto 48
	constante_num  goto 49
	op_aritemtica_cast  goto 119
	factor  goto 51
	termino  goto 52
	e_aritmetica  goto 53


state 69
	l_variables : l_variables . COMA ID  (103)
	d_var : ID l_variables .  (105)

	COMA  shift 120
	error  reduce 105
	PUNTO_COMA  reduce 105


state 70
	invocacion_fun : ID l_parametros_reales .  (132)

	.  reduce 132


state 71
	asignacion_const : ID . ASIGNACION constante_num  (118)
	asignacion_const : ID . IGUAL constante_num  (119)
	asignacion_const : ID . ASIGNACION error  (120)

	IGUAL  shift 121
	ASIGNACION  shift 122
	.  error


state 72
	l_const : asignacion_const .  (121)

	.  reduce 121


state 73
	l_const : l_const . COMA asignacion_const  (122)
	const : CONST l_const .  (123)

	COMA  shift 123
	error  reduce 123
	PUNTO_COMA  reduce 123


state 74
	clausula_for : PARE_AB . asignacion_for PUNTO_COMA cond_for PUNTO_COMA crecim_for PARE_CIE  (222)
	clausula_for : PARE_AB . asignacion_for error cond_for PUNTO_COMA crecim_for PARE_CIE  (223)
	clausula_for : PARE_AB . asignacion_for PUNTO_COMA cond_for error crecim_for PARE_CIE  (224)

	ID  shift 124
	.  error

	asignacion_for  goto 125


state 75
	for : FOR clausula_for . cuerpoFor  (228)

	error  shift 126
	IF  shift 127
	OUT  shift 6
	BREAK  shift 128
	DEFER  shift 129
	ID  shift 57
	CONTINUE  shift 130
	FOR  shift 15
	LLAVE_AB  shift 131
	.  error

	sentencia_e  goto 132
	asignacion  goto 26
	out  goto 27
	invocacion_fun  goto 28
	for  goto 133
	sentencia_e_for  goto 134
	if_for  goto 135
	bloq_ejecutable_for  goto 136
	cuerpoFor  goto 137
	tag  goto 35


state 76
	bloq_general : LLAVE_AB LLAVE_CE .  (76)

	.  reduce 76


state 77
	bloq_sentencias : bloq_sentencias . sentencia PUNTO_COMA  (45)
	bloq_sentencias : bloq_sentencias . sentencia error  (46)
	bloq_general : LLAVE_AB bloq_sentencias . LLAVE_CE  (72)
	bloq_general : LLAVE_AB bloq_sentencias . error  (74)

	error  shift 138
	IF  shift 5
	OUT  shift 6
	FUN  shift 7
	RETURN  shift 8
	WHEN  shift 9
	DEFER  shift 10
	UI8  shift 11
	F64  shift 12
	ID  shift 13
	CONST  shift 14
	FOR  shift 15
	LLAVE_CE  shift 139
	.  error

	sentencia  goto 80
	sentencia_d  goto 19
	sentencia_e_gen  goto 20
	when  goto 21
	d_var  goto 22
	d_fun  goto 23
	const  goto 24
	sentencia_e  goto 25
	asignacion  goto 26
	out  goto 27
	invocacion_fun  goto 28
	if  goto 29
	for  goto 30
	return  goto 31
	tipo  goto 33
	cabeceraFun  goto 34
	tag  goto 35


state 78
	bloq_sentencias : sentencia error .  (44)

	.  reduce 44


state 79
	bloq_sentencias : sentencia PUNTO_COMA .  (43)

	.  reduce 43


state 80
	bloq_sentencias : bloq_sentencias sentencia . PUNTO_COMA  (45)
	bloq_sentencias : bloq_sentencias sentencia . error  (46)

	error  shift 140
	PUNTO_COMA  shift 141
	.  error


state 81
	l_variables : l_variables . COMA ID  (103)
	d_var : tipo l_variables .  (104)

	COMA  shift 120
	error  reduce 104
	PUNTO_COMA  reduce 104


state 82
	parametros_fun : PARE_AB . l_parametros_form PARE_CIE  (109)
	parametros_fun : PARE_AB . PARE_CIE  (110)
	parametros_fun : PARE_AB . error PARE_CIE  (111)

	error  shift 142
	UI8  shift 11
	F64  shift 12
	PARE_CIE  shift 143
	.  error

	tipo  goto 144
	parametro_form  goto 145
	l_parametros_form  goto 146


state 83
	d_fun : cabeceraFun parametros_fun . retornoFun $$2 bloq_general_fun  (117)

	error  shift 147
	DOS_PUNTOS  shift 148
	.  error

	retornoFun  goto 149


state 84
	for : tag $$3 . FOR clausula_for cuerpoFor  (230)

	FOR  shift 150
	.  error


state 85
	bloq_general : error bloq_sentencias LLAVE_CE .  (73)

	.  reduce 73


state 86
	cond_if : error . comp op_aritemtica_cast  (139)

	MENOR  shift 151
	MAYOR  shift 152
	IGUAL  shift 153
	MENOR_IGUAL  shift 154
	MAYOR_IGUAL  shift 155
	DISTINTO  shift 156
	.  error

	comp  goto 157


state 87
	cond_if : op_aritemtica_cast . comp op_aritemtica_cast  (138)
	cond_if : op_aritemtica_cast . error op_aritemtica_cast  (140)
	cond_if : op_aritemtica_cast . comp error  (141)

	error  shift 158
	MENOR  shift 151
	MAYOR  shift 152
	IGUAL  shift 153
	MENOR_IGUAL  shift 154
	MAYOR_IGUAL  shift 155
	DISTINTO  shift 156
	.  error

	comp  goto 159


state 88
	cond : error cond_if . PARE_CIE  (143)

	PARE_CIE  shift 160
	.  error


state 89
	cond_if : error . comp op_aritemtica_cast  (139)
	cond : PARE_AB error . PARE_CIE  (145)

	MENOR  shift 151
	MAYOR  shift 152
	IGUAL  shift 153
	MENOR_IGUAL  shift 154
	MAYOR_IGUAL  shift 155
	PARE_CIE  shift 161
	DISTINTO  shift 156
	.  error

	comp  goto 157


state 90
	cond : PARE_AB cond_if . PARE_CIE  (142)
	cond : PARE_AB cond_if . error  (144)

	error  shift 162
	PARE_CIE  shift 163
	.  error


state 91
	if : IF cond error . bloque_then ELSE bloque_else END_IF  (180)
	if : IF cond error . bloque_then END_IF  (182)

	error  shift 164
	IF  shift 5
	OUT  shift 6
	RETURN  shift 8
	DEFER  shift 10
	ID  shift 57
	FOR  shift 15
	LLAVE_AB  shift 165
	.  error

	sentencia_e_gen  goto 166
	sentencia_e  goto 25
	asignacion  goto 26
	out  goto 27
	invocacion_fun  goto 28
	if  goto 29
	for  goto 30
	return  goto 31
	bloq_ejecutable  goto 167
	bloque_then  goto 168
	tag  goto 35


state 92
	if : IF cond THEN . bloque_then ELSE bloque_else END_IF  (177)
	if : IF cond THEN . bloque_then END_IF  (178)
	if : IF cond THEN . bloque_then error bloque_else END_IF  (179)
	if : IF cond THEN . bloque_then ELSE bloque_else error  (181)

	error  shift 164
	IF  shift 5
	OUT  shift 6
	RETURN  shift 8
	DEFER  shift 10
	ID  shift 57
	FOR  shift 15
	LLAVE_AB  shift 165
	.  error

	sentencia_e_gen  goto 166
	sentencia_e  goto 25
	asignacion  goto 26
	out  goto 27
	invocacion_fun  goto 28
	if  goto 29
	for  goto 30
	return  goto 31
	bloq_ejecutable  goto 167
	bloque_then  goto 169
	tag  goto 35


state 93
	out : OUT PARE_AB error .  (186)

	.  reduce 186


state 94
	cont_cadena : ID .  (184)

	.  reduce 184


state 95
	cont_cadena : CADENA .  (183)

	.  reduce 183


state 96
	out : OUT PARE_AB cont_cadena . PARE_CIE  (185)

	PARE_CIE  shift 170
	.  error


state 97
	op_aritemtica_cast : TOF64 error . e_aritmetica PARE_CIE  (199)

	ID  shift 43
	MENOS  shift 45
	DOBLE  shift 46
	ENTERO  shift 47
	.  error

	invocacion_fun  goto 48
	constante_num  goto 49
	factor  goto 51
	termino  goto 52
	e_aritmetica  goto 171


state 98
	op_aritemtica_cast : TOF64 PARE_AB . e_aritmetica PARE_CIE  (197)
	op_aritemtica_cast : TOF64 PARE_AB . e_aritmetica error  (200)

	ID  shift 43
	MENOS  shift 45
	DOBLE  shift 46
	ENTERO  shift 47
	.  error

	invocacion_fun  goto 48
	constante_num  goto 49
	factor  goto 51
	termino  goto 52
	e_aritmetica  goto 172


state 99
	termino : termino . MULT factor  (191)
	termino : termino . DIV factor  (192)
	e_aritmetica : MENOS termino .  (196)

	MULT  shift 100
	DIV  shift 101
	error  reduce 196
	IF  reduce 196
	OUT  reduce 196
	RETURN  reduce 196
	DEFER  reduce 196
	ID  reduce 196
	FOR  reduce 196
	LLAVE_CE  reduce 196
	MENOR  reduce 196
	MAYOR  reduce 196
	IGUAL  reduce 196
	MENOR_IGUAL  reduce 196
	MAYOR_IGUAL  reduce 196
	MENOS  reduce 196
	SUM  reduce 196
	PARE_CIE  reduce 196
	PUNTO_COMA  reduce 196
	DISTINTO  reduce 196


state 100
	termino : termino MULT . factor  (191)

	ID  shift 43
	DOBLE  shift 46
	ENTERO  shift 47
	.  error

	invocacion_fun  goto 48
	constante_num  goto 49
	factor  goto 173


state 101
	termino : termino DIV . factor  (192)

	ID  shift 43
	DOBLE  shift 46
	ENTERO  shift 47
	.  error

	invocacion_fun  goto 48
	constante_num  goto 49
	factor  goto 174


state 102
	e_aritmetica : e_aritmetica MENOS . termino  (195)

	ID  shift 43
	DOBLE  shift 46
	ENTERO  shift 47
	.  error

	invocacion_fun  goto 48
	constante_num  goto 49
	factor  goto 51
	termino  goto 175


state 103
	e_aritmetica : e_aritmetica SUM . termino  (194)

	ID  shift 43
	DOBLE  shift 46
	ENTERO  shift 47
	.  error

	invocacion_fun  goto 48
	constante_num  goto 49
	factor  goto 51
	termino  goto 176


state 104
	const_when : error .  (238)

	.  reduce 238


state 105
	const_when : ID .  (236)

	.  reduce 236


state 106
	const_when : constante_num .  (237)

	.  reduce 237


state 107
	cond_when : error const_when . comp const_when PARE_CIE  (240)

	MENOR  shift 151
	MAYOR  shift 152
	IGUAL  shift 153
	MENOR_IGUAL  shift 154
	MAYOR_IGUAL  shift 155
	DISTINTO  shift 156
	.  error

	comp  goto 177


state 108
	const_when : error .  (238)
	cond_when : PARE_AB error . PARE_CIE  (243)

	PARE_CIE  shift 178
	error  reduce 238
	MENOR  reduce 238
	MAYOR  reduce 238
	IGUAL  reduce 238
	MENOR_IGUAL  reduce 238
	MAYOR_IGUAL  reduce 238
	DISTINTO  reduce 238


state 109
	cond_when : PARE_AB const_when . comp const_when PARE_CIE  (239)
	cond_when : PARE_AB const_when . error const_when PARE_CIE  (241)
	cond_when : PARE_AB const_when . comp const_when error  (242)

	error  shift 179
	MENOR  shift 151
	MAYOR  shift 152
	IGUAL  shift 153
	MENOR_IGUAL  shift 154
	MAYOR_IGUAL  shift 155
	DISTINTO  shift 156
	.  error

	comp  goto 180


state 110
	when : WHEN cond_when error . bloq_general  (245)

	error  shift 4
	IF  shift 5
	OUT  shift 6
	FUN  shift 7
	RETURN  shift 8
	WHEN  shift 9
	DEFER  shift 10
	UI8  shift 11
	F64  shift 12
	ID  shift 13
	CONST  shift 14
	FOR  shift 15
	LLAVE_AB  shift 16
	.  error

	bloq_general  goto 181
	sentencia  goto 18
	sentencia_d  goto 19
	sentencia_e_gen  goto 20
	when  goto 21
	d_var  goto 22
	d_fun  goto 23
	const  goto 24
	sentencia_e  goto 25
	asignacion  goto 26
	out  goto 27
	invocacion_fun  goto 28
	if  goto 29
	for  goto 30
	return  goto 31
	bloq_sentencias  goto 32
	tipo  goto 33
	cabeceraFun  goto 34
	tag  goto 35


state 111
	when : WHEN cond_when THEN . bloq_general  (244)

	error  shift 4
	IF  shift 5
	OUT  shift 6
	FUN  shift 7
	RETURN  shift 8
	WHEN  shift 9
	DEFER  shift 10
	UI8  shift 11
	F64  shift 12
	ID  shift 13
	CONST  shift 14
	FOR  shift 15
	LLAVE_AB  shift 16
	.  error

	bloq_general  goto 182
	sentencia  goto 18
	sentencia_d  goto 19
	sentencia_e_gen  goto 20
	when  goto 21
	d_var  goto 22
	d_fun  goto 23
	const  goto 24
	sentencia_e  goto 25
	asignacion  goto 26
	out  goto 27
	invocacion_fun  goto 28
	if  goto 29
	for  goto 30
	return  goto 31
	bloq_sentencias  goto 32
	tipo  goto 33
	cabeceraFun  goto 34
	tag  goto 35


state 112
	asignacion : ID IGUAL op_aritemtica_cast .  (134)

	.  reduce 134


state 113
	l_parametros_reales : PARE_AB error . PARE_CIE  (131)

	PARE_CIE  shift 183
	.  error


state 114
	parametro_real : ID .  (126)

	.  reduce 126


state 115
	l_parametros_reales : PARE_AB PARE_CIE .  (130)

	.  reduce 130


state 116
	parametro_real : constante_num .  (127)

	.  reduce 127


state 117
	l_parametros_reales : PARE_AB parametro_real . COMA parametro_real PARE_CIE  (128)
	l_parametros_reales : PARE_AB parametro_real . PARE_CIE  (129)

	PARE_CIE  shift 184
	COMA  shift 185
	.  error


state 118
	asignacion : ID ASIGNACION error .  (135)

	.  reduce 135


state 119
	asignacion : ID ASIGNACION op_aritemtica_cast .  (133)

	.  reduce 133


state 120
	l_variables : l_variables COMA . ID  (103)

	ID  shift 186
	.  error


state 121
	asignacion_const : ID IGUAL . constante_num  (119)

	DOBLE  shift 46
	ENTERO  shift 47
	.  error

	constante_num  goto 187


state 122
	asignacion_const : ID ASIGNACION . constante_num  (118)
	asignacion_const : ID ASIGNACION . error  (120)

	error  shift 188
	DOBLE  shift 46
	ENTERO  shift 47
	.  error

	constante_num  goto 189


state 123
	l_const : l_const COMA . asignacion_const  (122)

	ID  shift 71
	.  error

	asignacion_const  goto 190


state 124
	asignacion_for : ID . ASIGNACION op_aritemtica_cast  (219)
	asignacion_for : ID . IGUAL op_aritemtica_cast  (220)
	asignacion_for : ID . ASIGNACION error  (221)

	IGUAL  shift 191
	ASIGNACION  shift 192
	.  error


state 125
	clausula_for : PARE_AB asignacion_for . PUNTO_COMA cond_for PUNTO_COMA crecim_for PARE_CIE  (222)
	clausula_for : PARE_AB asignacion_for . error cond_for PUNTO_COMA crecim_for PARE_CIE  (223)
	clausula_for : PARE_AB asignacion_for . PUNTO_COMA cond_for error crecim_for PARE_CIE  (224)

	error  shift 193
	PUNTO_COMA  shift 194
	.  error


state 126
	bloq_ejecutable_for : error . bloq_sentencias_e_for LLAVE_CE  (82)
	bloq_ejecutable_for : error . bloq_sentencias_e_for error  (84)

	error  shift 195
	IF  shift 127
	OUT  shift 6
	BREAK  shift 128
	DEFER  shift 129
	ID  shift 57
	CONTINUE  shift 130
	FOR  shift 15
	.  error

	sentencia_e  goto 132
	asignacion  goto 26
	out  goto 27
	invocacion_fun  goto 28
	for  goto 133
	sentencia_e_for  goto 196
	if_for  goto 135
	bloq_sentencias_e_for  goto 197
	tag  goto 35


state 127
	if_for : IF . cond THEN bloque_then_for ELSE bloque_else_for END_IF  (159)
	if_for : IF . cond THEN bloque_then_for END_IF  (160)
	if_for : IF . cond THEN bloque_then_for error bloque_else_for END_IF  (161)
	if_for : IF . cond error bloque_then_for ELSE bloque_else_for END_IF  (162)
	if_for : IF . cond THEN bloque_then_for ELSE bloque_else_for error  (163)

	error  shift 37
	PARE_AB  shift 38
	.  error

	cond  goto 198


state 128
	sentencia_e_for : BREAK . DOS_PUNTOS ID  (24)
	sentencia_e_for : BREAK . ID  (25)
	sentencia_e_for : BREAK .  (26)

	ID  shift 199
	DOS_PUNTOS  shift 200
	error  reduce 26
	PUNTO_COMA  reduce 26


state 129
	sentencia_e : DEFER . asignacion  (12)
	sentencia_e : DEFER . out  (13)
	sentencia_e : DEFER . invocacion_fun  (14)

	OUT  shift 6
	ID  shift 201
	.  error

	asignacion  goto 58
	out  goto 59
	invocacion_fun  goto 60


state 130
	sentencia_e_for : CONTINUE .  (27)

	.  reduce 27


state 131
	bloq_ejecutable_for : LLAVE_AB . bloq_sentencias_e_for LLAVE_CE  (81)
	bloq_ejecutable_for : LLAVE_AB . bloq_sentencias_e_for error  (83)
	bloq_ejecutable_for : LLAVE_AB . LLAVE_CE  (85)

	error  shift 195
	IF  shift 127
	OUT  shift 6
	BREAK  shift 128
	DEFER  shift 129
	ID  shift 57
	CONTINUE  shift 130
	FOR  shift 15
	LLAVE_CE  shift 202
	.  error

	sentencia_e  goto 132
	asignacion  goto 26
	out  goto 27
	invocacion_fun  goto 28
	for  goto 133
	sentencia_e_for  goto 196
	if_for  goto 135
	bloq_sentencias_e_for  goto 203
	tag  goto 35


state 132
	sentencia_e_for : sentencia_e .  (21)

	.  reduce 21


state 133
	sentencia_e_for : for .  (23)

	.  reduce 23


state 134
	cuerpoFor : sentencia_e_for .  (226)

	.  reduce 226


state 135
	sentencia_e_for : if_for .  (22)

	.  reduce 22


state 136
	cuerpoFor : bloq_ejecutable_for .  (225)

	.  reduce 225


state 137
	for : FOR clausula_for cuerpoFor .  (228)

	.  reduce 228


state 138
	bloq_general : LLAVE_AB bloq_sentencias error .  (74)

	.  reduce 74


state 139
	bloq_general : LLAVE_AB bloq_sentencias LLAVE_CE .  (72)

	.  reduce 72


state 140
	bloq_sentencias : bloq_sentencias sentencia error .  (46)

	.  reduce 46


state 141
	bloq_sentencias : bloq_sentencias sentencia PUNTO_COMA .  (45)

	.  reduce 45


state 142
	parametros_fun : PARE_AB error . PARE_CIE  (111)

	PARE_CIE  shift 204
	.  error


state 143
	parametros_fun : PARE_AB PARE_CIE .  (110)

	.  reduce 110


state 144
	parametro_form : tipo . ID  (106)

	ID  shift 205
	.  error


state 145
	l_parametros_form : parametro_form .  (107)
	l_parametros_form : parametro_form . COMA parametro_form  (108)

	COMA  shift 206
	PARE_CIE  reduce 107


state 146
	parametros_fun : PARE_AB l_parametros_form . PARE_CIE  (109)

	PARE_CIE  shift 207
	.  error


state 147
	retornoFun : error .  (115)

	.  reduce 115


state 148
	retornoFun : DOS_PUNTOS . tipo  (113)
	retornoFun : DOS_PUNTOS . error  (114)

	error  shift 208
	UI8  shift 11
	F64  shift 12
	.  error

	tipo  goto 209


state 149
	d_fun : cabeceraFun parametros_fun retornoFun . $$2 bloq_general_fun  (117)
	$$2 : .  (116)

	.  reduce 116

	$$2  goto 210


state 150
	for : tag $$3 FOR . clausula_for cuerpoFor  (230)

	PARE_AB  shift 74
	.  error

	clausula_for  goto 211


state 151
	comp : MENOR .  (204)

	.  reduce 204


state 152
	comp : MAYOR .  (203)

	.  reduce 203


state 153
	comp : IGUAL .  (205)

	.  reduce 205


state 154
	comp : MENOR_IGUAL .  (207)

	.  reduce 207


state 155
	comp : MAYOR_IGUAL .  (206)

	.  reduce 206


state 156
	comp : DISTINTO .  (208)

	.  reduce 208


state 157
	cond_if : error comp . op_aritemtica_cast  (139)

	ID  shift 43
	TOF64  shift 44
	MENOS  shift 45
	DOBLE  shift 46
	ENTERO  shift 47
	.  error

	invocacion_fun  goto 48
	constante_num  goto 49
	op_aritemtica_cast  goto 212
	factor  goto 51
	termino  goto 52
	e_aritmetica  goto 53


state 158
	cond_if : op_aritemtica_cast error . op_aritemtica_cast  (140)

	ID  shift 43
	TOF64  shift 44
	MENOS  shift 45
	DOBLE  shift 46
	ENTERO  shift 47
	.  error

	invocacion_fun  goto 48
	constante_num  goto 49
	op_aritemtica_cast  goto 213
	factor  goto 51
	termino  goto 52
	e_aritmetica  goto 53


state 159
	cond_if : op_aritemtica_cast comp . op_aritemtica_cast  (138)
	cond_if : op_aritemtica_cast comp . error  (141)

	error  shift 214
	ID  shift 43
	TOF64  shift 44
	MENOS  shift 45
	DOBLE  shift 46
	ENTERO  shift 47
	.  error

	invocacion_fun  goto 48
	constante_num  goto 49
	op_aritemtica_cast  goto 215
	factor  goto 51
	termino  goto 52
	e_aritmetica  goto 53


state 160
	cond : error cond_if PARE_CIE .  (143)

	.  reduce 143


state 161
	cond : PARE_AB error PARE_CIE .  (145)

	.  reduce 145


state 162
	cond : PARE_AB cond_if error .  (144)

	.  reduce 144


state 163
	cond : PARE_AB cond_if PARE_CIE .  (142)

	.  reduce 142


state 164
	bloq_ejecutable : error . bloq_sentencias_e LLAVE_CE  (78)

	error  shift 216
	IF  shift 5
	OUT  shift 6
	RETURN  shift 8
	DEFER  shift 10
	ID  shift 57
	FOR  shift 15
	.  error

	sentencia_e_gen  goto 217
	sentencia_e  goto 25
	asignacion  goto 26
	out  goto 27
	invocacion_fun  goto 28
	if  goto 29
	for  goto 30
	return  goto 31
	bloq_sentencias_e  goto 218
	tag  goto 35


state 165
	bloq_ejecutable : LLAVE_AB . bloq_sentencias_e LLAVE_CE  (77)
	bloq_ejecutable : LLAVE_AB . bloq_sentencias_e error  (79)
	bloq_ejecutable : LLAVE_AB . LLAVE_CE  (80)

	error  shift 216
	IF  shift 5
	OUT  shift 6
	RETURN  shift 8
	DEFER  shift 10
	ID  shift 57
	FOR  shift 15
	LLAVE_CE  shift 219
	.  error

	sentencia_e_gen  goto 217
	sentencia_e  goto 25
	asignacion  goto 26
	out  goto 27
	invocacion_fun  goto 28
	if  goto 29
	for  goto 30
	return  goto 31
	bloq_sentencias_e  goto 220
	tag  goto 35


state 166
	bloque_then : sentencia_e_gen . PUNTO_COMA  (174)

	PUNTO_COMA  shift 221
	.  error


state 167
	bloque_then : bloq_ejecutable .  (173)

	.  reduce 173


state 168
	if : IF cond error bloque_then . ELSE bloque_else END_IF  (180)
	if : IF cond error bloque_then . END_IF  (182)

	ELSE  shift 222
	END_IF  shift 223
	.  error


state 169
	if : IF cond THEN bloque_then . ELSE bloque_else END_IF  (177)
	if : IF cond THEN bloque_then . END_IF  (178)
	if : IF cond THEN bloque_then . error bloque_else END_IF  (179)
	if : IF cond THEN bloque_then . ELSE bloque_else error  (181)

	error  shift 224
	ELSE  shift 225
	END_IF  shift 226
	.  error


state 170
	out : OUT PARE_AB cont_cadena PARE_CIE .  (185)

	.  reduce 185


state 171
	e_aritmetica : e_aritmetica . SUM termino  (194)
	e_aritmetica : e_aritmetica . MENOS termino  (195)
	op_aritemtica_cast : TOF64 error e_aritmetica . PARE_CIE  (199)

	MENOS  shift 102
	SUM  shift 103
	PARE_CIE  shift 227
	.  error


state 172
	e_aritmetica : e_aritmetica . SUM termino  (194)
	e_aritmetica : e_aritmetica . MENOS termino  (195)
	op_aritemtica_cast : TOF64 PARE_AB e_aritmetica . PARE_CIE  (197)
	op_aritemtica_cast : TOF64 PARE_AB e_aritmetica . error  (200)

	error  shift 228
	MENOS  shift 102
	SUM  shift 103
	PARE_CIE  shift 229
	.  error


state 173
	termino : termino MULT factor .  (191)

	.  reduce 191


state 174
	termino : termino DIV factor .  (192)

	.  reduce 192


state 175
	termino : termino . MULT factor  (191)
	termino : termino . DIV factor  (192)
	e_aritmetica : e_aritmetica MENOS termino .  (195)

	MULT  shift 100
	DIV  shift 101
	error  reduce 195
	IF  reduce 195
	OUT  reduce 195
	RETURN  reduce 195
	DEFER  reduce 195
	ID  reduce 195
	FOR  reduce 195
	LLAVE_CE  reduce 195
	MENOR  reduce 195
	MAYOR  reduce 195
	IGUAL  reduce 195
	MENOR_IGUAL  reduce 195
	MAYOR_IGUAL  reduce 195
	MENOS  reduce 195
	SUM  reduce 195
	PARE_CIE  reduce 195
	PUNTO_COMA  reduce 195
	DISTINTO  reduce 195


state 176
	termino : termino . MULT factor  (191)
	termino : termino . DIV factor  (192)
	e_aritmetica : e_aritmetica SUM termino .  (194)

	MULT  shift 100
	DIV  shift 101
	error  reduce 194
	IF  reduce 194
	OUT  reduce 194
	RETURN  reduce 194
	DEFER  reduce 194
	ID  reduce 194
	FOR  reduce 194
	LLAVE_CE  reduce 194
	MENOR  reduce 194
	MAYOR  reduce 194
	IGUAL  reduce 194
	MENOR_IGUAL  reduce 194
	MAYOR_IGUAL  reduce 194
	MENOS  reduce 194
	SUM  reduce 194
	PARE_CIE  reduce 194
	PUNTO_COMA  reduce 194
	DISTINTO  reduce 194


state 177
	cond_when : error const_when comp . const_when PARE_CIE  (240)

	error  shift 104
	ID  shift 105
	DOBLE  shift 46
	ENTERO  shift 47
	.  error

	constante_num  goto 106
	const_when  goto 230


state 178
	cond_when : PARE_AB error PARE_CIE .  (243)

	.  reduce 243


state 179
	cond_when : PARE_AB const_when error . const_when PARE_CIE  (241)

	error  shift 104
	ID  shift 105
	DOBLE  shift 46
	ENTERO  shift 47
	.  error

	constante_num  goto 106
	const_when  goto 231


state 180
	cond_when : PARE_AB const_when comp . const_when PARE_CIE  (239)
	cond_when : PARE_AB const_when comp . const_when error  (242)

	error  shift 104
	ID  shift 105
	DOBLE  shift 46
	ENTERO  shift 47
	.  error

	constante_num  goto 106
	const_when  goto 232


state 181
	when : WHEN cond_when error bloq_general .  (245)

	.  reduce 245


state 182
	when : WHEN cond_when THEN bloq_general .  (244)

	.  reduce 244


state 183
	l_parametros_reales : PARE_AB error PARE_CIE .  (131)

	.  reduce 131


state 184
	l_parametros_reales : PARE_AB parametro_real PARE_CIE .  (129)

	.  reduce 129


state 185
	l_parametros_reales : PARE_AB parametro_real COMA . parametro_real PARE_CIE  (128)

	ID  shift 114
	DOBLE  shift 46
	ENTERO  shift 47
	.  error

	constante_num  goto 116
	parametro_real  goto 233


state 186
	l_variables : l_variables COMA ID .  (103)

	.  reduce 103


state 187
	asignacion_const : ID IGUAL constante_num .  (119)

	.  reduce 119


state 188
	asignacion_const : ID ASIGNACION error .  (120)

	.  reduce 120


state 189
	asignacion_const : ID ASIGNACION constante_num .  (118)

	.  reduce 118


state 190
	l_const : l_const COMA asignacion_const .  (122)

	.  reduce 122


state 191
	asignacion_for : ID IGUAL . op_aritemtica_cast  (220)

	ID  shift 43
	TOF64  shift 44
	MENOS  shift 45
	DOBLE  shift 46
	ENTERO  shift 47
	.  error

	invocacion_fun  goto 48
	constante_num  goto 49
	op_aritemtica_cast  goto 234
	factor  goto 51
	termino  goto 52
	e_aritmetica  goto 53


state 192
	asignacion_for : ID ASIGNACION . op_aritemtica_cast  (219)
	asignacion_for : ID ASIGNACION . error  (221)

	error  shift 235
	ID  shift 43
	TOF64  shift 44
	MENOS  shift 45
	DOBLE  shift 46
	ENTERO  shift 47
	.  error

	invocacion_fun  goto 48
	constante_num  goto 49
	op_aritemtica_cast  goto 236
	factor  goto 51
	termino  goto 52
	e_aritmetica  goto 53


state 193
	clausula_for : PARE_AB asignacion_for error . cond_for PUNTO_COMA crecim_for PARE_CIE  (223)

	error  shift 237
	ID  shift 238
	.  error

	cond_for  goto 239


state 194
	clausula_for : PARE_AB asignacion_for PUNTO_COMA . cond_for PUNTO_COMA crecim_for PARE_CIE  (222)
	clausula_for : PARE_AB asignacion_for PUNTO_COMA . cond_for error crecim_for PARE_CIE  (224)

	error  shift 237
	ID  shift 238
	.  error

	cond_for  goto 240


state 195
	bloq_sentencias_e_for : error .  (56)

	.  reduce 56


state 196
	bloq_sentencias_e_for : sentencia_e_for . PUNTO_COMA  (52)
	bloq_sentencias_e_for : sentencia_e_for . error  (53)

	error  shift 241
	PUNTO_COMA  shift 242
	.  error


state 197
	bloq_sentencias_e_for : bloq_sentencias_e_for . sentencia_e_for PUNTO_COMA  (54)
	bloq_sentencias_e_for : bloq_sentencias_e_for . sentencia_e_for error  (55)
	bloq_ejecutable_for : error bloq_sentencias_e_for . LLAVE_CE  (82)
	bloq_ejecutable_for : error bloq_sentencias_e_for . error  (84)

	error  shift 243
	IF  shift 127
	OUT  shift 6
	BREAK  shift 128
	DEFER  shift 129
	ID  shift 57
	CONTINUE  shift 130
	FOR  shift 15
	LLAVE_CE  shift 244
	.  error

	sentencia_e  goto 132
	asignacion  goto 26
	out  goto 27
	invocacion_fun  goto 28
	for  goto 133
	sentencia_e_for  goto 245
	if_for  goto 135
	tag  goto 35


state 198
	if_for : IF cond . THEN bloque_then_for ELSE bloque_else_for END_IF  (159)
	if_for : IF cond . THEN bloque_then_for END_IF  (160)
	if_for : IF cond . THEN bloque_then_for error bloque_else_for END_IF  (161)
	if_for : IF cond . error bloque_then_for ELSE bloque_else_for END_IF  (162)
	if_for : IF cond . THEN bloque_then_for ELSE bloque_else_for error  (163)

	error  shift 246
	THEN  shift 247
	.  error


state 199
	sentencia_e_for : BREAK ID .  (25)

	.  reduce 25


state 200
	sentencia_e_for : BREAK DOS_PUNTOS . ID  (24)

	ID  shift 248
	.  error


state 201
	invocacion_fun : ID . l_parametros_reales  (132)
	asignacion : ID . ASIGNACION op_aritemtica_cast  (133)
	asignacion : ID . IGUAL op_aritemtica_cast  (134)
	asignacion : ID . ASIGNACION error  (135)

	IGUAL  shift 65
	PARE_AB  shift 66
	ASIGNACION  shift 68
	.  error

	l_parametros_reales  goto 70


state 202
	bloq_ejecutable_for : LLAVE_AB LLAVE_CE .  (85)

	.  reduce 85


state 203
	bloq_sentencias_e_for : bloq_sentencias_e_for . sentencia_e_for PUNTO_COMA  (54)
	bloq_sentencias_e_for : bloq_sentencias_e_for . sentencia_e_for error  (55)
	bloq_ejecutable_for : LLAVE_AB bloq_sentencias_e_for . LLAVE_CE  (81)
	bloq_ejecutable_for : LLAVE_AB bloq_sentencias_e_for . error  (83)

	error  shift 249
	IF  shift 127
	OUT  shift 6
	BREAK  shift 128
	DEFER  shift 129
	ID  shift 57
	CONTINUE  shift 130
	FOR  shift 15
	LLAVE_CE  shift 250
	.  error

	sentencia_e  goto 132
	asignacion  goto 26
	out  goto 27
	invocacion_fun  goto 28
	for  goto 133
	sentencia_e_for  goto 245
	if_for  goto 135
	tag  goto 35


state 204
	parametros_fun : PARE_AB error PARE_CIE .  (111)

	.  reduce 111


state 205
	parametro_form : tipo ID .  (106)

	.  reduce 106


state 206
	l_parametros_form : parametro_form COMA . parametro_form  (108)

	UI8  shift 11
	F64  shift 12
	.  error

	tipo  goto 144
	parametro_form  goto 251


state 207
	parametros_fun : PARE_AB l_parametros_form PARE_CIE .  (109)

	.  reduce 109


state 208
	retornoFun : DOS_PUNTOS error .  (114)

	.  reduce 114


state 209
	retornoFun : DOS_PUNTOS tipo .  (113)

	.  reduce 113


state 210
	d_fun : cabeceraFun parametros_fun retornoFun $$2 . bloq_general_fun  (117)

	error  shift 252
	LLAVE_AB  shift 253
	.  error

	bloq_general_fun  goto 254


state 211
	for : tag $$3 FOR clausula_for . cuerpoFor  (230)

	error  shift 126
	IF  shift 127
	OUT  shift 6
	BREAK  shift 128
	DEFER  shift 129
	ID  shift 57
	CONTINUE  shift 130
	FOR  shift 15
	LLAVE_AB  shift 131
	.  error

	sentencia_e  goto 132
	asignacion  goto 26
	out  goto 27
	invocacion_fun  goto 28
	for  goto 133
	sentencia_e_for  goto 134
	if_for  goto 135
	bloq_ejecutable_for  goto 136
	cuerpoFor  goto 255
	tag  goto 35


state 212
	cond_if : error comp op_aritemtica_cast .  (139)

	.  reduce 139


state 213
	cond_if : op_aritemtica_cast error op_aritemtica_cast .  (140)

	.  reduce 140


state 214
	cond_if : op_aritemtica_cast comp error .  (141)

	.  reduce 141


state 215
	cond_if : op_aritemtica_cast comp op_aritemtica_cast .  (138)

	.  reduce 138


state 216
	bloq_sentencias_e : error .  (51)

	.  reduce 51


state 217
	bloq_sentencias_e : sentencia_e_gen . PUNTO_COMA  (47)
	bloq_sentencias_e : sentencia_e_gen . error  (48)

	error  shift 256
	PUNTO_COMA  shift 257
	.  error


state 218
	bloq_sentencias_e : bloq_sentencias_e . sentencia_e_gen PUNTO_COMA  (49)
	bloq_sentencias_e : bloq_sentencias_e . sentencia_e_gen error  (50)
	bloq_ejecutable : error bloq_sentencias_e . LLAVE_CE  (78)

	IF  shift 5
	OUT  shift 6
	RETURN  shift 8
	DEFER  shift 10
	ID  shift 57
	FOR  shift 15
	LLAVE_CE  shift 258
	.  error

	sentencia_e_gen  goto 259
	sentencia_e  goto 25
	asignacion  goto 26
	out  goto 27
	invocacion_fun  goto 28
	if  goto 29
	for  goto 30
	return  goto 31
	tag  goto 35


state 219
	bloq_ejecutable : LLAVE_AB LLAVE_CE .  (80)

	.  reduce 80


state 220
	bloq_sentencias_e : bloq_sentencias_e . sentencia_e_gen PUNTO_COMA  (49)
	bloq_sentencias_e : bloq_sentencias_e . sentencia_e_gen error  (50)
	bloq_ejecutable : LLAVE_AB bloq_sentencias_e . LLAVE_CE  (77)
	bloq_ejecutable : LLAVE_AB bloq_sentencias_e . error  (79)

	error  shift 260
	IF  shift 5
	OUT  shift 6
	RETURN  shift 8
	DEFER  shift 10
	ID  shift 57
	FOR  shift 15
	LLAVE_CE  shift 261
	.  error

	sentencia_e_gen  goto 259
	sentencia_e  goto 25
	asignacion  goto 26
	out  goto 27
	invocacion_fun  goto 28
	if  goto 29
	for  goto 30
	return  goto 31
	tag  goto 35


state 221
	bloque_then : sentencia_e_gen PUNTO_COMA .  (174)

	.  reduce 174


state 222
	if : IF cond error bloque_then ELSE . bloque_else END_IF  (180)

	error  shift 164
	IF  shift 5
	OUT  shift 6
	RETURN  shift 8
	DEFER  shift 10
	ID  shift 57
	FOR  shift 15
	LLAVE_AB  shift 165
	.  error

	sentencia_e_gen  goto 262
	sentencia_e  goto 25
	asignacion  goto 26
	out  goto 27
	invocacion_fun  goto 28
	if  goto 29
	for  goto 30
	return  goto 31
	bloq_ejecutable  goto 263
	bloque_else  goto 264
	tag  goto 35


state 223
	if : IF cond error bloque_then END_IF .  (182)

	.  reduce 182


state 224
	if : IF cond THEN bloque_then error . bloque_else END_IF  (179)

	error  shift 164
	IF  shift 5
	OUT  shift 6
	RETURN  shift 8
	DEFER  shift 10
	ID  shift 57
	FOR  shift 15
	LLAVE_AB  shift 165
	.  error

	sentencia_e_gen  goto 262
	sentencia_e  goto 25
	asignacion  goto 26
	out  goto 27
	invocacion_fun  goto 28
	if  goto 29
	for  goto 30
	return  goto 31
	bloq_ejecutable  goto 263
	bloque_else  goto 265
	tag  goto 35


state 225
	if : IF cond THEN bloque_then ELSE . bloque_else END_IF  (177)
	if : IF cond THEN bloque_then ELSE . bloque_else error  (181)

	error  shift 164
	IF  shift 5
	OUT  shift 6
	RETURN  shift 8
	DEFER  shift 10
	ID  shift 57
	FOR  shift 15
	LLAVE_AB  shift 165
	.  error

	sentencia_e_gen  goto 262
	sentencia_e  goto 25
	asignacion  goto 26
	out  goto 27
	invocacion_fun  goto 28
	if  goto 29
	for  goto 30
	return  goto 31
	bloq_ejecutable  goto 263
	bloque_else  goto 266
	tag  goto 35


state 226
	if : IF cond THEN bloque_then END_IF .  (178)

	.  reduce 178


state 227
	op_aritemtica_cast : TOF64 error e_aritmetica PARE_CIE .  (199)

	.  reduce 199


state 228
	op_aritemtica_cast : TOF64 PARE_AB e_aritmetica error .  (200)

	.  reduce 200


state 229
	op_aritemtica_cast : TOF64 PARE_AB e_aritmetica PARE_CIE .  (197)

	.  reduce 197


state 230
	cond_when : error const_when comp const_when . PARE_CIE  (240)

	PARE_CIE  shift 267
	.  error


state 231
	cond_when : PARE_AB const_when error const_when . PARE_CIE  (241)

	PARE_CIE  shift 268
	.  error


state 232
	cond_when : PARE_AB const_when comp const_when . PARE_CIE  (239)
	cond_when : PARE_AB const_when comp const_when . error  (242)

	error  shift 269
	PARE_CIE  shift 270
	.  error


state 233
	l_parametros_reales : PARE_AB parametro_real COMA parametro_real . PARE_CIE  (128)

	PARE_CIE  shift 271
	.  error


state 234
	asignacion_for : ID IGUAL op_aritemtica_cast .  (220)

	.  reduce 220


state 235
	asignacion_for : ID ASIGNACION error .  (221)

	.  reduce 221


state 236
	asignacion_for : ID ASIGNACION op_aritemtica_cast .  (219)

	.  reduce 219


state 237
	cond_for : error . comp op_aritemtica_cast  (210)

	MENOR  shift 151
	MAYOR  shift 152
	IGUAL  shift 153
	MENOR_IGUAL  shift 154
	MAYOR_IGUAL  shift 155
	DISTINTO  shift 156
	.  error

	comp  goto 272


state 238
	cond_for : ID . comp op_aritemtica_cast  (209)
	cond_for : ID . error op_aritemtica_cast  (211)
	cond_for : ID . comp error  (212)

	error  shift 273
	MENOR  shift 151
	MAYOR  shift 152
	IGUAL  shift 153
	MENOR_IGUAL  shift 154
	MAYOR_IGUAL  shift 155
	DISTINTO  shift 156
	.  error

	comp  goto 274


state 239
	clausula_for : PARE_AB asignacion_for error cond_for . PUNTO_COMA crecim_for PARE_CIE  (223)

	PUNTO_COMA  shift 275
	.  error


state 240
	clausula_for : PARE_AB asignacion_for PUNTO_COMA cond_for . PUNTO_COMA crecim_for PARE_CIE  (222)
	clausula_for : PARE_AB asignacion_for PUNTO_COMA cond_for . error crecim_for PARE_CIE  (224)

	error  shift 276
	PUNTO_COMA  shift 277
	.  error


state 241
	bloq_sentencias_e_for : sentencia_e_for error .  (53)

	.  reduce 53


state 242
	bloq_sentencias_e_for : sentencia_e_for PUNTO_COMA .  (52)

	.  reduce 52


state 243
	bloq_ejecutable_for : error bloq_sentencias_e_for error .  (84)

	.  reduce 84


state 244
	bloq_ejecutable_for : error bloq_sentencias_e_for LLAVE_CE .  (82)

	.  reduce 82


state 245
	bloq_sentencias_e_for : bloq_sentencias_e_for sentencia_e_for . PUNTO_COMA  (54)
	bloq_sentencias_e_for : bloq_sentencias_e_for sentencia_e_for . error  (55)

	error  shift 278
	PUNTO_COMA  shift 279
	.  error


state 246
	if_for : IF cond error . bloque_then_for ELSE bloque_else_for END_IF  (162)

	error  shift 126
	IF  shift 127
	OUT  shift 6
	BREAK  shift 128
	DEFER  shift 129
	ID  shift 57
	CONTINUE  shift 130
	FOR  shift 15
	LLAVE_AB  shift 131
	.  error

	sentencia_e  goto 132
	asignacion  goto 26
	out  goto 27
	invocacion_fun  goto 28
	for  goto 133
	sentencia_e_for  goto 280
	if_for  goto 135
	bloq_ejecutable_for  goto 281
	bloque_then_for  goto 282
	tag  goto 35


state 247
	if_for : IF cond THEN . bloque_then_for ELSE bloque_else_for END_IF  (159)
	if_for : IF cond THEN . bloque_then_for END_IF  (160)
	if_for : IF cond THEN . bloque_then_for error bloque_else_for END_IF  (161)
	if_for : IF cond THEN . bloque_then_for ELSE bloque_else_for error  (163)

	error  shift 126
	IF  shift 127
	OUT  shift 6
	BREAK  shift 128
	DEFER  shift 129
	ID  shift 57
	CONTINUE  shift 130
	FOR  shift 15
	LLAVE_AB  shift 131
	.  error

	sentencia_e  goto 132
	asignacion  goto 26
	out  goto 27
	invocacion_fun  goto 28
	for  goto 133
	sentencia_e_for  goto 280
	if_for  goto 135
	bloq_ejecutable_for  goto 281
	bloque_then_for  goto 283
	tag  goto 35


state 248
	sentencia_e_for : BREAK DOS_PUNTOS ID .  (24)

	.  reduce 24


state 249
	bloq_ejecutable_for : LLAVE_AB bloq_sentencias_e_for error .  (83)

	.  reduce 83


state 250
	bloq_ejecutable_for : LLAVE_AB bloq_sentencias_e_for LLAVE_CE .  (81)

	.  reduce 81


state 251
	l_parametros_form : parametro_form COMA parametro_form .  (108)

	.  reduce 108


state 252
	bloq_general_fun : error . bloq_sentencias_fun LLAVE_CE  (87)
	bloq_general_fun : error . bloq_sentencias_fun error  (89)

	error  shift 284
	IF  shift 285
	OUT  shift 6
	FUN  shift 7
	RETURN  shift 8
	WHEN  shift 286
	DEFER  shift 287
	UI8  shift 11
	F64  shift 12
	ID  shift 13
	CONST  shift 14
	FOR  shift 288
	.  error

	sentencia_d  goto 289
	d_var  goto 22
	d_fun  goto 23
	const  goto 24
	sentencia_e  goto 290
	asignacion  goto 26
	out  goto 27
	invocacion_fun  goto 28
	return  goto 291
	sentencia_fun  goto 292
	sentencia_e_fun  goto 293
	when_fun  goto 294
	if_fun  goto 295
	for_fun  goto 296
	bloq_sentencias_fun  goto 297
	tipo  goto 33
	cabeceraFun  goto 34
	tag  goto 298


state 253
	bloq_general_fun : LLAVE_AB . bloq_sentencias_fun LLAVE_CE  (86)
	bloq_general_fun : LLAVE_AB . bloq_sentencias_fun error  (88)
	bloq_general_fun : LLAVE_AB . LLAVE_CE  (90)

	error  shift 284
	IF  shift 285
	OUT  shift 6
	FUN  shift 7
	RETURN  shift 8
	WHEN  shift 286
	DEFER  shift 287
	UI8  shift 11
	F64  shift 12
	ID  shift 13
	CONST  shift 14
	FOR  shift 288
	LLAVE_CE  shift 299
	.  error

	sentencia_d  goto 289
	d_var  goto 22
	d_fun  goto 23
	const  goto 24
	sentencia_e  goto 290
	asignacion  goto 26
	out  goto 27
	invocacion_fun  goto 28
	return  goto 291
	sentencia_fun  goto 292
	sentencia_e_fun  goto 293
	when_fun  goto 294
	if_fun  goto 295
	for_fun  goto 296
	bloq_sentencias_fun  goto 300
	tipo  goto 33
	cabeceraFun  goto 34
	tag  goto 298


state 254
	d_fun : cabeceraFun parametros_fun retornoFun $$2 bloq_general_fun .  (117)

	.  reduce 117


state 255
	for : tag $$3 FOR clausula_for cuerpoFor .  (230)

	.  reduce 230


state 256
	bloq_sentencias_e : sentencia_e_gen error .  (48)

	.  reduce 48


state 257
	bloq_sentencias_e : sentencia_e_gen PUNTO_COMA .  (47)

	.  reduce 47


state 258
	bloq_ejecutable : error bloq_sentencias_e LLAVE_CE .  (78)

	.  reduce 78


state 259
	bloq_sentencias_e : bloq_sentencias_e sentencia_e_gen . PUNTO_COMA  (49)
	bloq_sentencias_e : bloq_sentencias_e sentencia_e_gen . error  (50)

	error  shift 301
	PUNTO_COMA  shift 302
	.  error


state 260
	bloq_ejecutable : LLAVE_AB bloq_sentencias_e error .  (79)

	.  reduce 79


state 261
	bloq_ejecutable : LLAVE_AB bloq_sentencias_e LLAVE_CE .  (77)

	.  reduce 77


state 262
	bloque_else : sentencia_e_gen . PUNTO_COMA  (176)

	PUNTO_COMA  shift 303
	.  error


state 263
	bloque_else : bloq_ejecutable .  (175)

	.  reduce 175


state 264
	if : IF cond error bloque_then ELSE bloque_else . END_IF  (180)

	END_IF  shift 304
	.  error


state 265
	if : IF cond THEN bloque_then error bloque_else . END_IF  (179)

	END_IF  shift 305
	.  error


state 266
	if : IF cond THEN bloque_then ELSE bloque_else . END_IF  (177)
	if : IF cond THEN bloque_then ELSE bloque_else . error  (181)

	error  shift 306
	END_IF  shift 307
	.  error


state 267
	cond_when : error const_when comp const_when PARE_CIE .  (240)

	.  reduce 240


state 268
	cond_when : PARE_AB const_when error const_when PARE_CIE .  (241)

	.  reduce 241


state 269
	cond_when : PARE_AB const_when comp const_when error .  (242)

	.  reduce 242


state 270
	cond_when : PARE_AB const_when comp const_when PARE_CIE .  (239)

	.  reduce 239


state 271
	l_parametros_reales : PARE_AB parametro_real COMA parametro_real PARE_CIE .  (128)

	.  reduce 128


state 272
	cond_for : error comp . op_aritemtica_cast  (210)

	ID  shift 43
	TOF64  shift 44
	MENOS  shift 45
	DOBLE  shift 46
	ENTERO  shift 47
	.  error

	invocacion_fun  goto 48
	constante_num  goto 49
	op_aritemtica_cast  goto 308
	factor  goto 51
	termino  goto 52
	e_aritmetica  goto 53


state 273
	cond_for : ID error . op_aritemtica_cast  (211)

	ID  shift 43
	TOF64  shift 44
	MENOS  shift 45
	DOBLE  shift 46
	ENTERO  shift 47
	.  error

	invocacion_fun  goto 48
	constante_num  goto 49
	op_aritemtica_cast  goto 309
	factor  goto 51
	termino  goto 52
	e_aritmetica  goto 53


state 274
	cond_for : ID comp . op_aritemtica_cast  (209)
	cond_for : ID comp . error  (212)

	error  shift 310
	ID  shift 43
	TOF64  shift 44
	MENOS  shift 45
	DOBLE  shift 46
	ENTERO  shift 47
	.  error

	invocacion_fun  goto 48
	constante_num  goto 49
	op_aritemtica_cast  goto 311
	factor  goto 51
	termino  goto 52
	e_aritmetica  goto 53


state 275
	clausula_for : PARE_AB asignacion_for error cond_for PUNTO_COMA . crecim_for PARE_CIE  (223)

	error  shift 312
	MENOS  shift 313
	SUM  shift 314
	DOBLE  shift 46
	ENTERO  shift 47
	.  error

	constante_num  goto 315
	signo  goto 316
	crecim_for  goto 317


state 276
	clausula_for : PARE_AB asignacion_for PUNTO_COMA cond_for error . crecim_for PARE_CIE  (224)

	error  shift 312
	MENOS  shift 313
	SUM  shift 314
	DOBLE  shift 46
	ENTERO  shift 47
	.  error

	constante_num  goto 315
	signo  goto 316
	crecim_for  goto 318


state 277
	clausula_for : PARE_AB asignacion_for PUNTO_COMA cond_for PUNTO_COMA . crecim_for PARE_CIE  (222)

	error  shift 312
	MENOS  shift 313
	SUM  shift 314
	DOBLE  shift 46
	ENTERO  shift 47
	.  error

	constante_num  goto 315
	signo  goto 316
	crecim_for  goto 319


state 278
	bloq_sentencias_e_for : bloq_sentencias_e_for sentencia_e_for error .  (55)

	.  reduce 55


state 279
	bloq_sentencias_e_for : bloq_sentencias_e_for sentencia_e_for PUNTO_COMA .  (54)

	.  reduce 54


state 280
	bloque_then_for : sentencia_e_for . PUNTO_COMA  (156)

	PUNTO_COMA  shift 320
	.  error


state 281
	bloque_then_for : bloq_ejecutable_for .  (155)

	.  reduce 155


state 282
	if_for : IF cond error bloque_then_for . ELSE bloque_else_for END_IF  (162)

	ELSE  shift 321
	.  error


state 283
	if_for : IF cond THEN bloque_then_for . ELSE bloque_else_for END_IF  (159)
	if_for : IF cond THEN bloque_then_for . END_IF  (160)
	if_for : IF cond THEN bloque_then_for . error bloque_else_for END_IF  (161)
	if_for : IF cond THEN bloque_then_for . ELSE bloque_else_for error  (163)

	error  shift 322
	ELSE  shift 323
	END_IF  shift 324
	.  error


state 284
	bloq_sentencias_fun : error .  (61)

	.  reduce 61


state 285
	if_fun : IF . cond THEN bloque_then_fun ELSE bloque_else_fun END_IF  (168)
	if_fun : IF . cond THEN bloque_then_fun END_IF  (169)
	if_fun : IF . cond THEN bloque_then_fun error bloque_else_fun END_IF  (170)
	if_fun : IF . cond error bloque_then_fun ELSE bloque_else_fun END_IF  (171)
	if_fun : IF . cond THEN bloque_then_fun ELSE bloque_else_fun error  (172)

	error  shift 37
	PARE_AB  shift 38
	.  error

	cond  goto 325


state 286
	when_fun : WHEN . cond_when THEN bloq_general_fun  (246)
	when_fun : WHEN . cond_when error bloq_general_fun  (247)

	error  shift 54
	PARE_AB  shift 55
	.  error

	cond_when  goto 326


state 287
	sentencia_e : DEFER . asignacion  (12)
	sentencia_e : DEFER . out  (13)
	sentencia_e : DEFER . invocacion_fun  (14)
	sentencia_e_fun : DEFER . if_fun  (35)
	sentencia_e_fun : DEFER . for_fun  (36)

	IF  shift 285
	OUT  shift 6
	ID  shift 57
	FOR  shift 288
	.  error

	asignacion  goto 58
	out  goto 59
	invocacion_fun  goto 60
	if_fun  goto 327
	for_fun  goto 328
	tag  goto 298


state 288
	for_fun : FOR . clausula_for cuerpoForFun  (233)

	PARE_AB  shift 74
	.  error

	clausula_for  goto 329


state 289
	sentencia_fun : sentencia_d .  (28)

	.  reduce 28


state 290
	sentencia_e_fun : sentencia_e .  (31)

	.  reduce 31


state 291
	sentencia_e_fun : return .  (34)

	.  reduce 34


state 292
	bloq_sentencias_fun : sentencia_fun . PUNTO_COMA  (57)
	bloq_sentencias_fun : sentencia_fun . error  (58)

	error  shift 330
	PUNTO_COMA  shift 331
	.  error


state 293
	sentencia_fun : sentencia_e_fun .  (29)

	.  reduce 29


state 294
	sentencia_fun : when_fun .  (30)

	.  reduce 30


state 295
	sentencia_e_fun : if_fun .  (32)

	.  reduce 32


state 296
	sentencia_e_fun : for_fun .  (33)

	.  reduce 33


state 297
	bloq_sentencias_fun : bloq_sentencias_fun . sentencia_fun PUNTO_COMA  (59)
	bloq_sentencias_fun : bloq_sentencias_fun . sentencia_fun error  (60)
	bloq_general_fun : error bloq_sentencias_fun . LLAVE_CE  (87)
	bloq_general_fun : error bloq_sentencias_fun . error  (89)

	error  shift 332
	IF  shift 285
	OUT  shift 6
	FUN  shift 7
	RETURN  shift 8
	WHEN  shift 286
	DEFER  shift 287
	UI8  shift 11
	F64  shift 12
	ID  shift 13
	CONST  shift 14
	FOR  shift 288
	LLAVE_CE  shift 333
	.  error

	sentencia_d  goto 289
	d_var  goto 22
	d_fun  goto 23
	const  goto 24
	sentencia_e  goto 290
	asignacion  goto 26
	out  goto 27
	invocacion_fun  goto 28
	return  goto 291
	sentencia_fun  goto 334
	sentencia_e_fun  goto 293
	when_fun  goto 294
	if_fun  goto 295
	for_fun  goto 296
	tipo  goto 33
	cabeceraFun  goto 34
	tag  goto 298


state 298
	for_fun : tag . $$4 FOR clausula_for cuerpoForFun  (235)
	$$4 : .  (234)

	.  reduce 234

	$$4  goto 335


state 299
	bloq_general_fun : LLAVE_AB LLAVE_CE .  (90)

	.  reduce 90


state 300
	bloq_sentencias_fun : bloq_sentencias_fun . sentencia_fun PUNTO_COMA  (59)
	bloq_sentencias_fun : bloq_sentencias_fun . sentencia_fun error  (60)
	bloq_general_fun : LLAVE_AB bloq_sentencias_fun . LLAVE_CE  (86)
	bloq_general_fun : LLAVE_AB bloq_sentencias_fun . error  (88)

	error  shift 336
	IF  shift 285
	OUT  shift 6
	FUN  shift 7
	RETURN  shift 8
	WHEN  shift 286
	DEFER  shift 287
	UI8  shift 11
	F64  shift 12
	ID  shift 13
	CONST  shift 14
	FOR  shift 288
	LLAVE_CE  shift 337
	.  error

	sentencia_d  goto 289
	d_var  goto 22
	d_fun  goto 23
	const  goto 24
	sentencia_e  goto 290
	asignacion  goto 26
	out  goto 27
	invocacion_fun  goto 28
	return  goto 291
	sentencia_fun  goto 334
	sentencia_e_fun  goto 293
	when_fun  goto 294
	if_fun  goto 295
	for_fun  goto 296
	tipo  goto 33
	cabeceraFun  goto 34
	tag  goto 298


state 301
	bloq_sentencias_e : bloq_sentencias_e sentencia_e_gen error .  (50)

	.  reduce 50


state 302
	bloq_sentencias_e : bloq_sentencias_e sentencia_e_gen PUNTO_COMA .  (49)

	.  reduce 49


state 303
	bloque_else : sentencia_e_gen PUNTO_COMA .  (176)

	.  reduce 176


state 304
	if : IF cond error bloque_then ELSE bloque_else END_IF .  (180)

	.  reduce 180


state 305
	if : IF cond THEN bloque_then error bloque_else END_IF .  (179)

	.  reduce 179


state 306
	if : IF cond THEN bloque_then ELSE bloque_else error .  (181)

	.  reduce 181


state 307
	if : IF cond THEN bloque_then ELSE bloque_else END_IF .  (177)

	.  reduce 177


state 308
	cond_for : error comp op_aritemtica_cast .  (210)

	.  reduce 210


state 309
	cond_for : ID error op_aritemtica_cast .  (211)

	.  reduce 211


state 310
	cond_for : ID comp error .  (212)

	.  reduce 212


state 311
	cond_for : ID comp op_aritemtica_cast .  (209)

	.  reduce 209


state 312
	crecim_for : error . constante_num  (217)

	DOBLE  shift 46
	ENTERO  shift 47
	.  error

	constante_num  goto 338


state 313
	signo : MENOS .  (214)

	.  reduce 214


state 314
	signo : SUM .  (213)

	.  reduce 213


state 315
	crecim_for : constante_num .  (216)

	.  reduce 216


state 316
	crecim_for : signo . constante_num  (215)
	crecim_for : signo . error  (218)

	error  shift 339
	DOBLE  shift 46
	ENTERO  shift 47
	.  error

	constante_num  goto 340


state 317
	clausula_for : PARE_AB asignacion_for error cond_for PUNTO_COMA crecim_for . PARE_CIE  (223)

	PARE_CIE  shift 341
	.  error


state 318
	clausula_for : PARE_AB asignacion_for PUNTO_COMA cond_for error crecim_for . PARE_CIE  (224)

	PARE_CIE  shift 342
	.  error


state 319
	clausula_for : PARE_AB asignacion_for PUNTO_COMA cond_for PUNTO_COMA crecim_for . PARE_CIE  (222)

	PARE_CIE  shift 343
	.  error


state 320
	bloque_then_for : sentencia_e_for PUNTO_COMA .  (156)

	.  reduce 156


state 321
	if_for : IF cond error bloque_then_for ELSE . bloque_else_for END_IF  (162)

	error  shift 126
	IF  shift 127
	OUT  shift 6
	BREAK  shift 128
	DEFER  shift 129
	ID  shift 57
	CONTINUE  shift 130
	FOR  shift 15
	LLAVE_AB  shift 131
	.  error

	sentencia_e  goto 132
	asignacion  goto 26
	out  goto 27
	invocacion_fun  goto 28
	for  goto 133
	sentencia_e_for  goto 344
	if_for  goto 135
	bloq_ejecutable_for  goto 345
	bloque_else_for  goto 346
	tag  goto 35


state 322
	if_for : IF cond THEN bloque_then_for error . bloque_else_for END_IF  (161)

	error  shift 126
	IF  shift 127
	OUT  shift 6
	BREAK  shift 128
	DEFER  shift 129
	ID  shift 57
	CONTINUE  shift 130
	FOR  shift 15
	LLAVE_AB  shift 131
	.  error

	sentencia_e  goto 132
	asignacion  goto 26
	out  goto 27
	invocacion_fun  goto 28
	for  goto 133
	sentencia_e_for  goto 344
	if_for  goto 135
	bloq_ejecutable_for  goto 345
	bloque_else_for  goto 347
	tag  goto 35


state 323
	if_for : IF cond THEN bloque_then_for ELSE . bloque_else_for END_IF  (159)
	if_for : IF cond THEN bloque_then_for ELSE . bloque_else_for error  (163)

	error  shift 126
	IF  shift 127
	OUT  shift 6
	BREAK  shift 128
	DEFER  shift 129
	ID  shift 57
	CONTINUE  shift 130
	FOR  shift 15
	LLAVE_AB  shift 131
	.  error

	sentencia_e  goto 132
	asignacion  goto 26
	out  goto 27
	invocacion_fun  goto 28
	for  goto 133
	sentencia_e_for  goto 344
	if_for  goto 135
	bloq_ejecutable_for  goto 345
	bloque_else_for  goto 348
	tag  goto 35


state 324
	if_for : IF cond THEN bloque_then_for END_IF .  (160)

	.  reduce 160


state 325
	if_fun : IF cond . THEN bloque_then_fun ELSE bloque_else_fun END_IF  (168)
	if_fun : IF cond . THEN bloque_then_fun END_IF  (169)
	if_fun : IF cond . THEN bloque_then_fun error bloque_else_fun END_IF  (170)
	if_fun : IF cond . error bloque_then_fun ELSE bloque_else_fun END_IF  (171)
	if_fun : IF cond . THEN bloque_then_fun ELSE bloque_else_fun error  (172)

	error  shift 349
	THEN  shift 350
	.  error


state 326
	when_fun : WHEN cond_when . THEN bloq_general_fun  (246)
	when_fun : WHEN cond_when . error bloq_general_fun  (247)

	error  shift 351
	THEN  shift 352
	.  error


state 327
	sentencia_e_fun : DEFER if_fun .  (35)

	.  reduce 35


state 328
	sentencia_e_fun : DEFER for_fun .  (36)

	.  reduce 36


state 329
	for_fun : FOR clausula_for . cuerpoForFun  (233)

	error  shift 353
	IF  shift 354
	RETURN  shift 8
	BREAK  shift 355
	ID  shift 356
	CONTINUE  shift 357
	FOR  shift 288
	LLAVE_AB  shift 358
	.  error

	return  goto 359
	for_fun  goto 360
	sentencia_e_for_fun  goto 361
	if_for_fun  goto 362
	bloq_ejecutable_for_fun  goto 363
	tag  goto 298
	cuerpoForFun  goto 364


state 330
	bloq_sentencias_fun : sentencia_fun error .  (58)

	.  reduce 58


state 331
	bloq_sentencias_fun : sentencia_fun PUNTO_COMA .  (57)

	.  reduce 57


state 332
	bloq_general_fun : error bloq_sentencias_fun error .  (89)

	.  reduce 89


state 333
	bloq_general_fun : error bloq_sentencias_fun LLAVE_CE .  (87)

	.  reduce 87


state 334
	bloq_sentencias_fun : bloq_sentencias_fun sentencia_fun . PUNTO_COMA  (59)
	bloq_sentencias_fun : bloq_sentencias_fun sentencia_fun . error  (60)

	error  shift 365
	PUNTO_COMA  shift 366
	.  error


state 335
	for_fun : tag $$4 . FOR clausula_for cuerpoForFun  (235)

	FOR  shift 367
	.  error


state 336
	bloq_general_fun : LLAVE_AB bloq_sentencias_fun error .  (88)

	.  reduce 88


state 337
	bloq_general_fun : LLAVE_AB bloq_sentencias_fun LLAVE_CE .  (86)

	.  reduce 86


state 338
	crecim_for : error constante_num .  (217)

	.  reduce 217


state 339
	crecim_for : signo error .  (218)

	.  reduce 218


state 340
	crecim_for : signo constante_num .  (215)

	.  reduce 215


state 341
	clausula_for : PARE_AB asignacion_for error cond_for PUNTO_COMA crecim_for PARE_CIE .  (223)

	.  reduce 223


state 342
	clausula_for : PARE_AB asignacion_for PUNTO_COMA cond_for error crecim_for PARE_CIE .  (224)

	.  reduce 224


state 343
	clausula_for : PARE_AB asignacion_for PUNTO_COMA cond_for PUNTO_COMA crecim_for PARE_CIE .  (222)

	.  reduce 222


state 344
	bloque_else_for : sentencia_e_for . PUNTO_COMA  (158)

	PUNTO_COMA  shift 368
	.  error


state 345
	bloque_else_for : bloq_ejecutable_for .  (157)

	.  reduce 157


state 346
	if_for : IF cond error bloque_then_for ELSE bloque_else_for . END_IF  (162)

	END_IF  shift 369
	.  error


state 347
	if_for : IF cond THEN bloque_then_for error bloque_else_for . END_IF  (161)

	END_IF  shift 370
	.  error


state 348
	if_for : IF cond THEN bloque_then_for ELSE bloque_else_for . END_IF  (159)
	if_for : IF cond THEN bloque_then_for ELSE bloque_else_for . error  (163)

	error  shift 371
	END_IF  shift 372
	.  error


state 349
	if_fun : IF cond error . bloque_then_fun ELSE bloque_else_fun END_IF  (171)

	error  shift 373
	IF  shift 285
	OUT  shift 6
	RETURN  shift 8
	DEFER  shift 287
	ID  shift 57
	FOR  shift 288
	LLAVE_AB  shift 374
	.  error

	sentencia_e  goto 290
	asignacion  goto 26
	out  goto 27
	invocacion_fun  goto 28
	return  goto 291
	sentencia_e_fun  goto 375
	if_fun  goto 295
	for_fun  goto 296
	bloq_ejecutable_fun  goto 376
	bloque_then_fun  goto 377
	tag  goto 298


state 350
	if_fun : IF cond THEN . bloque_then_fun ELSE bloque_else_fun END_IF  (168)
	if_fun : IF cond THEN . bloque_then_fun END_IF  (169)
	if_fun : IF cond THEN . bloque_then_fun error bloque_else_fun END_IF  (170)
	if_fun : IF cond THEN . bloque_then_fun ELSE bloque_else_fun error  (172)

	error  shift 373
	IF  shift 285
	OUT  shift 6
	RETURN  shift 8
	DEFER  shift 287
	ID  shift 57
	FOR  shift 288
	LLAVE_AB  shift 374
	.  error

	sentencia_e  goto 290
	asignacion  goto 26
	out  goto 27
	invocacion_fun  goto 28
	return  goto 291
	sentencia_e_fun  goto 375
	if_fun  goto 295
	for_fun  goto 296
	bloq_ejecutable_fun  goto 376
	bloque_then_fun  goto 378
	tag  goto 298


state 351
	when_fun : WHEN cond_when error . bloq_general_fun  (247)

	error  shift 252
	LLAVE_AB  shift 253
	.  error

	bloq_general_fun  goto 379


state 352
	when_fun : WHEN cond_when THEN . bloq_general_fun  (246)

	error  shift 252
	LLAVE_AB  shift 253
	.  error

	bloq_general_fun  goto 380


state 353
	bloq_ejecutable_for_fun : error . bloq_sentencias_e_for_fun LLAVE_CE  (97)
	bloq_ejecutable_for_fun : error . bloq_sentencias_e_for_fun error  (99)

	error  shift 381
	IF  shift 354
	RETURN  shift 8
	BREAK  shift 355
	ID  shift 356
	CONTINUE  shift 357
	FOR  shift 288
	.  error

	return  goto 359
	for_fun  goto 360
	sentencia_e_for_fun  goto 382
	if_for_fun  goto 362
	bloq_sentencias_e_for_fun  goto 383
	tag  goto 298


state 354
	if_for_fun : IF . cond THEN bloque_then_for_fun ELSE bloque_else_for_fun END_IF  (150)
	if_for_fun : IF . cond THEN bloque_then_for_fun END_IF  (151)
	if_for_fun : IF . cond THEN bloque_then_for_fun error bloque_else_for_fun END_IF  (152)
	if_for_fun : IF . cond error bloque_then_for_fun ELSE bloque_else_for_fun END_IF  (153)
	if_for_fun : IF . cond THEN bloque_then_for_fun ELSE bloque_else_for_fun error  (154)

	error  shift 37
	PARE_AB  shift 38
	.  error

	cond  goto 384


state 355
	sentencia_e_for_fun : BREAK . DOS_PUNTOS ID  (40)
	sentencia_e_for_fun : BREAK .  (41)

	DOS_PUNTOS  shift 385
	error  reduce 41
	IF  reduce 41
	OUT  reduce 41
	RETURN  reduce 41
	DEFER  reduce 41
	ID  reduce 41
	FOR  reduce 41
	LLAVE_CE  reduce 41
	PUNTO_COMA  reduce 41


state 356
	tag : ID . DOS_PUNTOS  (227)

	DOS_PUNTOS  shift 67
	.  error


state 357
	sentencia_e_for_fun : CONTINUE .  (42)

	.  reduce 42


state 358
	bloq_ejecutable_for_fun : LLAVE_AB . bloq_sentencias_e_for_fun LLAVE_CE  (96)
	bloq_ejecutable_for_fun : LLAVE_AB . bloq_sentencias_e_for_fun error  (98)
	bloq_ejecutable_for_fun : LLAVE_AB . LLAVE_CE  (100)

	error  shift 381
	IF  shift 354
	RETURN  shift 8
	BREAK  shift 355
	ID  shift 356
	CONTINUE  shift 357
	FOR  shift 288
	LLAVE_CE  shift 386
	.  error

	return  goto 359
	for_fun  goto 360
	sentencia_e_for_fun  goto 382
	if_for_fun  goto 362
	bloq_sentencias_e_for_fun  goto 387
	tag  goto 298


state 359
	sentencia_e_for_fun : return .  (39)

	.  reduce 39


state 360
	sentencia_e_for_fun : for_fun .  (37)

	.  reduce 37


state 361
	cuerpoForFun : sentencia_e_for_fun .  (232)

	.  reduce 232


state 362
	sentencia_e_for_fun : if_for_fun .  (38)

	.  reduce 38


state 363
	cuerpoForFun : bloq_ejecutable_for_fun .  (231)

	.  reduce 231


state 364
	for_fun : FOR clausula_for cuerpoForFun .  (233)

	.  reduce 233


state 365
	bloq_sentencias_fun : bloq_sentencias_fun sentencia_fun error .  (60)

	.  reduce 60


state 366
	bloq_sentencias_fun : bloq_sentencias_fun sentencia_fun PUNTO_COMA .  (59)

	.  reduce 59


state 367
	for_fun : tag $$4 FOR . clausula_for cuerpoForFun  (235)

	PARE_AB  shift 74
	.  error

	clausula_for  goto 388


state 368
	bloque_else_for : sentencia_e_for PUNTO_COMA .  (158)

	.  reduce 158


state 369
	if_for : IF cond error bloque_then_for ELSE bloque_else_for END_IF .  (162)

	.  reduce 162


state 370
	if_for : IF cond THEN bloque_then_for error bloque_else_for END_IF .  (161)

	.  reduce 161


state 371
	if_for : IF cond THEN bloque_then_for ELSE bloque_else_for error .  (163)

	.  reduce 163


state 372
	if_for : IF cond THEN bloque_then_for ELSE bloque_else_for END_IF .  (159)

	.  reduce 159


state 373
	bloq_ejecutable_fun : error . bloq_sentencias_e_fun LLAVE_CE  (92)
	bloq_ejecutable_fun : error . bloq_sentencias_e_fun error  (94)

	error  shift 389
	IF  shift 285
	OUT  shift 6
	RETURN  shift 8
	DEFER  shift 287
	ID  shift 57
	FOR  shift 288
	.  error

	sentencia_e  goto 290
	asignacion  goto 26
	out  goto 27
	invocacion_fun  goto 28
	return  goto 291
	sentencia_e_fun  goto 390
	if_fun  goto 295
	for_fun  goto 296
	bloq_sentencias_e_fun  goto 391
	tag  goto 298


state 374
	bloq_ejecutable_fun : LLAVE_AB . bloq_sentencias_e_fun LLAVE_CE  (91)
	bloq_ejecutable_fun : LLAVE_AB . bloq_sentencias_e_fun error  (93)
	bloq_ejecutable_fun : LLAVE_AB . LLAVE_CE  (95)

	error  shift 389
	IF  shift 285
	OUT  shift 6
	RETURN  shift 8
	DEFER  shift 287
	ID  shift 57
	FOR  shift 288
	LLAVE_CE  shift 392
	.  error

	sentencia_e  goto 290
	asignacion  goto 26
	out  goto 27
	invocacion_fun  goto 28
	return  goto 291
	sentencia_e_fun  goto 390
	if_fun  goto 295
	for_fun  goto 296
	bloq_sentencias_e_fun  goto 393
	tag  goto 298


state 375
	bloque_then_fun : sentencia_e_fun . PUNTO_COMA  (165)

	PUNTO_COMA  shift 394
	.  error


state 376
	bloque_then_fun : bloq_ejecutable_fun .  (164)

	.  reduce 164


state 377
	if_fun : IF cond error bloque_then_fun . ELSE bloque_else_fun END_IF  (171)

	ELSE  shift 395
	.  error


state 378
	if_fun : IF cond THEN bloque_then_fun . ELSE bloque_else_fun END_IF  (168)
	if_fun : IF cond THEN bloque_then_fun . END_IF  (169)
	if_fun : IF cond THEN bloque_then_fun . error bloque_else_fun END_IF  (170)
	if_fun : IF cond THEN bloque_then_fun . ELSE bloque_else_fun error  (172)

	error  shift 396
	ELSE  shift 397
	END_IF  shift 398
	.  error


state 379
	when_fun : WHEN cond_when error bloq_general_fun .  (247)

	.  reduce 247


state 380
	when_fun : WHEN cond_when THEN bloq_general_fun .  (246)

	.  reduce 246


state 381
	bloq_sentencias_e_for_fun : error . error  (71)

	error  shift 399
	.  error


state 382
	bloq_sentencias_e_for_fun : sentencia_e_for_fun . PUNTO_COMA  (67)
	bloq_sentencias_e_for_fun : sentencia_e_for_fun . error  (68)

	error  shift 400
	PUNTO_COMA  shift 401
	.  error


state 383
	bloq_sentencias_e_for_fun : bloq_sentencias_e_for_fun . sentencia_e_for_fun PUNTO_COMA  (69)
	bloq_sentencias_e_for_fun : bloq_sentencias_e_for_fun . sentencia_e_for_fun error  (70)
	bloq_ejecutable_for_fun : error bloq_sentencias_e_for_fun . LLAVE_CE  (97)
	bloq_ejecutable_for_fun : error bloq_sentencias_e_for_fun . error  (99)

	error  shift 402
	IF  shift 354
	RETURN  shift 8
	BREAK  shift 355
	ID  shift 356
	CONTINUE  shift 357
	FOR  shift 288
	LLAVE_CE  shift 403
	.  error

	return  goto 359
	for_fun  goto 360
	sentencia_e_for_fun  goto 404
	if_for_fun  goto 362
	tag  goto 298


state 384
	if_for_fun : IF cond . THEN bloque_then_for_fun ELSE bloque_else_for_fun END_IF  (150)
	if_for_fun : IF cond . THEN bloque_then_for_fun END_IF  (151)
	if_for_fun : IF cond . THEN bloque_then_for_fun error bloque_else_for_fun END_IF  (152)
	if_for_fun : IF cond . error bloque_then_for_fun ELSE bloque_else_for_fun END_IF  (153)
	if_for_fun : IF cond . THEN bloque_then_for_fun ELSE bloque_else_for_fun error  (154)

	error  shift 405
	THEN  shift 406
	.  error


state 385
	sentencia_e_for_fun : BREAK DOS_PUNTOS . ID  (40)

	ID  shift 407
	.  error


state 386
	bloq_ejecutable_for_fun : LLAVE_AB LLAVE_CE .  (100)

	.  reduce 100


state 387
	bloq_sentencias_e_for_fun : bloq_sentencias_e_for_fun . sentencia_e_for_fun PUNTO_COMA  (69)
	bloq_sentencias_e_for_fun : bloq_sentencias_e_for_fun . sentencia_e_for_fun error  (70)
	bloq_ejecutable_for_fun : LLAVE_AB bloq_sentencias_e_for_fun . LLAVE_CE  (96)
	bloq_ejecutable_for_fun : LLAVE_AB bloq_sentencias_e_for_fun . error  (98)

	error  shift 408
	IF  shift 354
	RETURN  shift 8
	BREAK  shift 355
	ID  shift 356
	CONTINUE  shift 357
	FOR  shift 288
	LLAVE_CE  shift 409
	.  error

	return  goto 359
	for_fun  goto 360
	sentencia_e_for_fun  goto 404
	if_for_fun  goto 362
	tag  goto 298


state 388
	for_fun : tag $$4 FOR clausula_for . cuerpoForFun  (235)

	error  shift 353
	IF  shift 354
	RETURN  shift 8
	BREAK  shift 355
	ID  shift 356
	CONTINUE  shift 357
	FOR  shift 288
	LLAVE_AB  shift 358
	.  error

	return  goto 359
	for_fun  goto 360
	sentencia_e_for_fun  goto 361
	if_for_fun  goto 362
	bloq_ejecutable_for_fun  goto 363
	tag  goto 298
	cuerpoForFun  goto 410


state 389
	bloq_sentencias_e_fun : error .  (66)

	.  reduce 66


state 390
	bloq_sentencias_e_fun : sentencia_e_fun . PUNTO_COMA  (62)
	bloq_sentencias_e_fun : sentencia_e_fun . error  (63)
	bloq_sentencias_e_fun : sentencia_e_fun . sentencia_e_fun  (65)

	error  shift 411
	IF  shift 285
	OUT  shift 6
	RETURN  shift 8
	DEFER  shift 287
	ID  shift 57
	FOR  shift 288
	PUNTO_COMA  shift 412
	.  error

	sentencia_e  goto 290
	asignacion  goto 26
	out  goto 27
	invocacion_fun  goto 28
	return  goto 291
	sentencia_e_fun  goto 413
	if_fun  goto 295
	for_fun  goto 296
	tag  goto 298


state 391
	bloq_sentencias_e_fun : bloq_sentencias_e_fun . sentencia_e_fun PUNTO_COMA  (64)
	bloq_ejecutable_fun : error bloq_sentencias_e_fun . LLAVE_CE  (92)
	bloq_ejecutable_fun : error bloq_sentencias_e_fun . error  (94)

	error  shift 414
	IF  shift 285
	OUT  shift 6
	RETURN  shift 8
	DEFER  shift 287
	ID  shift 57
	FOR  shift 288
	LLAVE_CE  shift 415
	.  error

	sentencia_e  goto 290
	asignacion  goto 26
	out  goto 27
	invocacion_fun  goto 28
	return  goto 291
	sentencia_e_fun  goto 416
	if_fun  goto 295
	for_fun  goto 296
	tag  goto 298


state 392
	bloq_ejecutable_fun : LLAVE_AB LLAVE_CE .  (95)

	.  reduce 95


state 393
	bloq_sentencias_e_fun : bloq_sentencias_e_fun . sentencia_e_fun PUNTO_COMA  (64)
	bloq_ejecutable_fun : LLAVE_AB bloq_sentencias_e_fun . LLAVE_CE  (91)
	bloq_ejecutable_fun : LLAVE_AB bloq_sentencias_e_fun . error  (93)

	error  shift 417
	IF  shift 285
	OUT  shift 6
	RETURN  shift 8
	DEFER  shift 287
	ID  shift 57
	FOR  shift 288
	LLAVE_CE  shift 418
	.  error

	sentencia_e  goto 290
	asignacion  goto 26
	out  goto 27
	invocacion_fun  goto 28
	return  goto 291
	sentencia_e_fun  goto 416
	if_fun  goto 295
	for_fun  goto 296
	tag  goto 298


state 394
	bloque_then_fun : sentencia_e_fun PUNTO_COMA .  (165)

	.  reduce 165


state 395
	if_fun : IF cond error bloque_then_fun ELSE . bloque_else_fun END_IF  (171)

	error  shift 373
	IF  shift 285
	OUT  shift 6
	RETURN  shift 8
	DEFER  shift 287
	ID  shift 57
	FOR  shift 288
	LLAVE_AB  shift 374
	.  error

	sentencia_e  goto 290
	asignacion  goto 26
	out  goto 27
	invocacion_fun  goto 28
	return  goto 291
	sentencia_e_fun  goto 419
	if_fun  goto 295
	for_fun  goto 296
	bloq_ejecutable_fun  goto 420
	bloque_else_fun  goto 421
	tag  goto 298


state 396
	if_fun : IF cond THEN bloque_then_fun error . bloque_else_fun END_IF  (170)

	error  shift 373
	IF  shift 285
	OUT  shift 6
	RETURN  shift 8
	DEFER  shift 287
	ID  shift 57
	FOR  shift 288
	LLAVE_AB  shift 374
	.  error

	sentencia_e  goto 290
	asignacion  goto 26
	out  goto 27
	invocacion_fun  goto 28
	return  goto 291
	sentencia_e_fun  goto 419
	if_fun  goto 295
	for_fun  goto 296
	bloq_ejecutable_fun  goto 420
	bloque_else_fun  goto 422
	tag  goto 298


state 397
	if_fun : IF cond THEN bloque_then_fun ELSE . bloque_else_fun END_IF  (168)
	if_fun : IF cond THEN bloque_then_fun ELSE . bloque_else_fun error  (172)

	error  shift 373
	IF  shift 285
	OUT  shift 6
	RETURN  shift 8
	DEFER  shift 287
	ID  shift 57
	FOR  shift 288
	LLAVE_AB  shift 374
	.  error

	sentencia_e  goto 290
	asignacion  goto 26
	out  goto 27
	invocacion_fun  goto 28
	return  goto 291
	sentencia_e_fun  goto 419
	if_fun  goto 295
	for_fun  goto 296
	bloq_ejecutable_fun  goto 420
	bloque_else_fun  goto 423
	tag  goto 298


state 398
	if_fun : IF cond THEN bloque_then_fun END_IF .  (169)

	.  reduce 169


state 399
	bloq_sentencias_e_for_fun : error error .  (71)

	.  reduce 71


state 400
	bloq_sentencias_e_for_fun : sentencia_e_for_fun error .  (68)

	.  reduce 68


state 401
	bloq_sentencias_e_for_fun : sentencia_e_for_fun PUNTO_COMA .  (67)

	.  reduce 67


state 402
	bloq_ejecutable_for_fun : error bloq_sentencias_e_for_fun error .  (99)

	.  reduce 99


state 403
	bloq_ejecutable_for_fun : error bloq_sentencias_e_for_fun LLAVE_CE .  (97)

	.  reduce 97


state 404
	bloq_sentencias_e_for_fun : bloq_sentencias_e_for_fun sentencia_e_for_fun . PUNTO_COMA  (69)
	bloq_sentencias_e_for_fun : bloq_sentencias_e_for_fun sentencia_e_for_fun . error  (70)

	error  shift 424
	PUNTO_COMA  shift 425
	.  error


state 405
	if_for_fun : IF cond error . bloque_then_for_fun ELSE bloque_else_for_fun END_IF  (153)

	error  shift 353
	IF  shift 354
	RETURN  shift 8
	BREAK  shift 355
	ID  shift 356
	CONTINUE  shift 357
	FOR  shift 288
	LLAVE_AB  shift 358
	.  error

	return  goto 359
	for_fun  goto 360
	sentencia_e_for_fun  goto 426
	if_for_fun  goto 362
	bloq_ejecutable_for_fun  goto 427
	bloque_then_for_fun  goto 428
	tag  goto 298


state 406
	if_for_fun : IF cond THEN . bloque_then_for_fun ELSE bloque_else_for_fun END_IF  (150)
	if_for_fun : IF cond THEN . bloque_then_for_fun END_IF  (151)
	if_for_fun : IF cond THEN . bloque_then_for_fun error bloque_else_for_fun END_IF  (152)
	if_for_fun : IF cond THEN . bloque_then_for_fun ELSE bloque_else_for_fun error  (154)

	error  shift 353
	IF  shift 354
	RETURN  shift 8
	BREAK  shift 355
	ID  shift 356
	CONTINUE  shift 357
	FOR  shift 288
	LLAVE_AB  shift 358
	.  error

	return  goto 359
	for_fun  goto 360
	sentencia_e_for_fun  goto 426
	if_for_fun  goto 362
	bloq_ejecutable_for_fun  goto 427
	bloque_then_for_fun  goto 429
	tag  goto 298


state 407
	sentencia_e_for_fun : BREAK DOS_PUNTOS ID .  (40)

	.  reduce 40


state 408
	bloq_ejecutable_for_fun : LLAVE_AB bloq_sentencias_e_for_fun error .  (98)

	.  reduce 98


state 409
	bloq_ejecutable_for_fun : LLAVE_AB bloq_sentencias_e_for_fun LLAVE_CE .  (96)

	.  reduce 96


state 410
	for_fun : tag $$4 FOR clausula_for cuerpoForFun .  (235)

	.  reduce 235


state 411
	bloq_sentencias_e_fun : sentencia_e_fun error .  (63)

	.  reduce 63


state 412
	bloq_sentencias_e_fun : sentencia_e_fun PUNTO_COMA .  (62)

	.  reduce 62


state 413
	bloq_sentencias_e_fun : sentencia_e_fun sentencia_e_fun .  (65)

	.  reduce 65


state 414
	bloq_ejecutable_fun : error bloq_sentencias_e_fun error .  (94)

	.  reduce 94


state 415
	bloq_ejecutable_fun : error bloq_sentencias_e_fun LLAVE_CE .  (92)

	.  reduce 92


state 416
	bloq_sentencias_e_fun : bloq_sentencias_e_fun sentencia_e_fun . PUNTO_COMA  (64)

	PUNTO_COMA  shift 430
	.  error


state 417
	bloq_ejecutable_fun : LLAVE_AB bloq_sentencias_e_fun error .  (93)

	.  reduce 93


state 418
	bloq_ejecutable_fun : LLAVE_AB bloq_sentencias_e_fun LLAVE_CE .  (91)

	.  reduce 91


state 419
	bloque_else_fun : sentencia_e_fun . PUNTO_COMA  (167)

	PUNTO_COMA  shift 431
	.  error


state 420
	bloque_else_fun : bloq_ejecutable_fun .  (166)

	.  reduce 166


state 421
	if_fun : IF cond error bloque_then_fun ELSE bloque_else_fun . END_IF  (171)

	END_IF  shift 432
	.  error


state 422
	if_fun : IF cond THEN bloque_then_fun error bloque_else_fun . END_IF  (170)

	END_IF  shift 433
	.  error


state 423
	if_fun : IF cond THEN bloque_then_fun ELSE bloque_else_fun . END_IF  (168)
	if_fun : IF cond THEN bloque_then_fun ELSE bloque_else_fun . error  (172)

	error  shift 434
	END_IF  shift 435
	.  error


state 424
	bloq_sentencias_e_for_fun : bloq_sentencias_e_for_fun sentencia_e_for_fun error .  (70)

	.  reduce 70


state 425
	bloq_sentencias_e_for_fun : bloq_sentencias_e_for_fun sentencia_e_for_fun PUNTO_COMA .  (69)

	.  reduce 69


state 426
	bloque_then_for_fun : sentencia_e_for_fun . PUNTO_COMA  (147)

	PUNTO_COMA  shift 436
	.  error


state 427
	bloque_then_for_fun : bloq_ejecutable_for_fun .  (146)

	.  reduce 146


state 428
	if_for_fun : IF cond error bloque_then_for_fun . ELSE bloque_else_for_fun END_IF  (153)

	ELSE  shift 437
	.  error


state 429
	if_for_fun : IF cond THEN bloque_then_for_fun . ELSE bloque_else_for_fun END_IF  (150)
	if_for_fun : IF cond THEN bloque_then_for_fun . END_IF  (151)
	if_for_fun : IF cond THEN bloque_then_for_fun . error bloque_else_for_fun END_IF  (152)
	if_for_fun : IF cond THEN bloque_then_for_fun . ELSE bloque_else_for_fun error  (154)

	error  shift 438
	ELSE  shift 439
	END_IF  shift 440
	.  error


state 430
	bloq_sentencias_e_fun : bloq_sentencias_e_fun sentencia_e_fun PUNTO_COMA .  (64)

	.  reduce 64


state 431
	bloque_else_fun : sentencia_e_fun PUNTO_COMA .  (167)

	.  reduce 167


state 432
	if_fun : IF cond error bloque_then_fun ELSE bloque_else_fun END_IF .  (171)

	.  reduce 171


state 433
	if_fun : IF cond THEN bloque_then_fun error bloque_else_fun END_IF .  (170)

	.  reduce 170


state 434
	if_fun : IF cond THEN bloque_then_fun ELSE bloque_else_fun error .  (172)

	.  reduce 172


state 435
	if_fun : IF cond THEN bloque_then_fun ELSE bloque_else_fun END_IF .  (168)

	.  reduce 168


state 436
	bloque_then_for_fun : sentencia_e_for_fun PUNTO_COMA .  (147)

	.  reduce 147


state 437
	if_for_fun : IF cond error bloque_then_for_fun ELSE . bloque_else_for_fun END_IF  (153)

	error  shift 353
	IF  shift 354
	RETURN  shift 8
	BREAK  shift 355
	ID  shift 356
	CONTINUE  shift 357
	FOR  shift 288
	LLAVE_AB  shift 358
	.  error

	return  goto 359
	for_fun  goto 360
	sentencia_e_for_fun  goto 441
	if_for_fun  goto 362
	bloq_ejecutable_for_fun  goto 442
	bloque_else_for_fun  goto 443
	tag  goto 298


state 438
	if_for_fun : IF cond THEN bloque_then_for_fun error . bloque_else_for_fun END_IF  (152)

	error  shift 353
	IF  shift 354
	RETURN  shift 8
	BREAK  shift 355
	ID  shift 356
	CONTINUE  shift 357
	FOR  shift 288
	LLAVE_AB  shift 358
	.  error

	return  goto 359
	for_fun  goto 360
	sentencia_e_for_fun  goto 441
	if_for_fun  goto 362
	bloq_ejecutable_for_fun  goto 442
	bloque_else_for_fun  goto 444
	tag  goto 298


state 439
	if_for_fun : IF cond THEN bloque_then_for_fun ELSE . bloque_else_for_fun END_IF  (150)
	if_for_fun : IF cond THEN bloque_then_for_fun ELSE . bloque_else_for_fun error  (154)

	error  shift 353
	IF  shift 354
	RETURN  shift 8
	BREAK  shift 355
	ID  shift 356
	CONTINUE  shift 357
	FOR  shift 288
	LLAVE_AB  shift 358
	.  error

	return  goto 359
	for_fun  goto 360
	sentencia_e_for_fun  goto 441
	if_for_fun  goto 362
	bloq_ejecutable_for_fun  goto 442
	bloque_else_for_fun  goto 445
	tag  goto 298


state 440
	if_for_fun : IF cond THEN bloque_then_for_fun END_IF .  (151)

	.  reduce 151


state 441
	bloque_else_for_fun : sentencia_e_for_fun . PUNTO_COMA  (149)

	PUNTO_COMA  shift 446
	.  error


state 442
	bloque_else_for_fun : bloq_ejecutable_for_fun .  (148)

	.  reduce 148


state 443
	if_for_fun : IF cond error bloque_then_for_fun ELSE bloque_else_for_fun . END_IF  (153)

	END_IF  shift 447
	.  error


state 444
	if_for_fun : IF cond THEN bloque_then_for_fun error bloque_else_for_fun . END_IF  (152)

	END_IF  shift 448
	.  error


state 445
	if_for_fun : IF cond THEN bloque_then_for_fun ELSE bloque_else_for_fun . END_IF  (150)
	if_for_fun : IF cond THEN bloque_then_for_fun ELSE bloque_else_for_fun . error  (154)

	error  shift 449
	END_IF  shift 450
	.  error


state 446
	bloque_else_for_fun : sentencia_e_for_fun PUNTO_COMA .  (149)

	.  reduce 149


state 447
	if_for_fun : IF cond error bloque_then_for_fun ELSE bloque_else_for_fun END_IF .  (153)

	.  reduce 153


state 448
	if_for_fun : IF cond THEN bloque_then_for_fun error bloque_else_for_fun END_IF .  (152)

	.  reduce 152


state 449
	if_for_fun : IF cond THEN bloque_then_for_fun ELSE bloque_else_for_fun error .  (154)

	.  reduce 154


state 450
	if_for_fun : IF cond THEN bloque_then_for_fun ELSE bloque_else_for_fun END_IF .  (150)

	.  reduce 150


40 terminals, 79 nonterminals
248 grammar rules, 451 states
